D:\Projetos\Automatech\ERP\Protheus\Fontes\AUTCOL313.PRW
D:\Projetos\Automatech\ERP\Protheus\Fontes\Atividades\ATVABE01.prw
D:\Projetos\Automatech\ERP\Protheus\Fontes\Atividades\ATVARE01.prw
D:\Projetos\Automatech\ERP\Protheus\Fontes\Atividades\ATVARE02.prw
D:\Projetos\Automatech\ERP\Protheus\Fontes\Atividades\ATVATI01.PRW
D:\Projetos\Automatech\ERP\Protheus\Fontes\Atividades\ATVATI02.prw
D:\Projetos\Automatech\ERP\Protheus\Fontes\Atividades\ATVATI03.prw
D:\Projetos\Automatech\ERP\Protheus\Fontes\Atividades\ATVATI08.prw
D:\Projetos\Automatech\ERP\Protheus\Fontes\Atividades\ATVATI09.prw
D:\Projetos\Automatech\ERP\Protheus\Fontes\Atividades\ATVATI10.prw
D:\Projetos\Automatech\ERP\Protheus\Fontes\Atividades\ATVATI15.prw
D:\Projetos\Automatech\ERP\Protheus\Fontes\Atividades\ATVATI16.prw
D:\Projetos\Automatech\ERP\Protheus\Fontes\Atividades\ATVATI20.prw
D:\Projetos\Automatech\ERP\Protheus\Fontes\Atividades\ATVATI60.prw
D:\Projetos\Automatech\ERP\Protheus\Fontes\Atividades\atvmov01.PRW
D:\Projetos\Automatech\ERP\Protheus\Fontes\Atividades\ATVMOV02.prw
D:\Projetos\Automatech\ERP\Protheus\Fontes\Atividades\ATVUSU01.PRW
D:\Projetos\Automatech\ERP\Protheus\Fontes\Atividades\ATVUSU02.prw
D:\Projetos\Automatech\ERP\Protheus\Fontes\Atividades\CRIA_ZZR.prw
D:\Projetos\Automatech\ERP\Protheus\Fontes\Atividades\CRIA_ZZS.prw
D:\Projetos\Automatech\ERP\Protheus\Fontes\Atividades\CRIA_ZZT.prw
D:\Projetos\Automatech\ERP\Protheus\Fontes\Atividades\CRIA_ZZU.prw
D:\Projetos\Automatech\ERP\Protheus\Fontes\Atividades\CRIA_ZZX.prw
D:\Projetos\Automatech\ERP\Protheus\Fontes\Atividades\CRIZ_ZZV.prw
D:\Projetos\Automatech\ERP\Protheus\Fontes\Atividades\ESP1NOME.PRW
D:\Projetos\Automatech\ERP\Protheus\Fontes\CallCenter\BKP_NFESEFAZ\danfeii.prw
D:\Projetos\Automatech\ERP\Protheus\Fontes\CallCenter\BKP_NFESEFAZ\nfesefaz.prw
D:\Projetos\Automatech\ERP\Protheus\Fontes\CallCenter\Fontes\AUTOM113.PRW
D:\Projetos\Automatech\ERP\Protheus\Fontes\CallCenter\Fontes\AUTOM134.prw
D:\Projetos\Automatech\ERP\Protheus\Fontes\CallCenter\Fontes\AUTOM155.prw
D:\Projetos\Automatech\ERP\Protheus\Fontes\CallCenter\Fontes\AUTOM157.prw
D:\Projetos\Automatech\ERP\Protheus\Fontes\CallCenter\Fontes\AUTOM237.prw
D:\Projetos\Automatech\ERP\Protheus\Fontes\CallCenter\Fontes\AUTOM245.prw
D:\Projetos\Automatech\ERP\Protheus\Fontes\CallCenter\Fontes\AUTOMR07.PRW
D:\Projetos\Automatech\ERP\Protheus\Fontes\CallCenter\Fontes\Tk273Clc.prw
D:\Projetos\Automatech\ERP\Protheus\Fontes\CallCenter\Pontos de Entrada\PE_TMKBARLA.PRW
D:\Projetos\Automatech\ERP\Protheus\Fontes\CallCenter\Pontos de Entrada\PE_TMKVFIM.prw
D:\Projetos\Automatech\ERP\Protheus\Fontes\CallCenter\Pontos de Entrada\TK061BAR.prw
D:\Projetos\Automatech\ERP\Protheus\Fontes\CallCenter\Pontos de Entrada\TK271ABR.prw
D:\Projetos\Automatech\ERP\Protheus\Fontes\CallCenter\Pontos de Entrada\TK271BOK.prw
D:\Projetos\Automatech\ERP\Protheus\Fontes\CallCenter\Pontos de Entrada\TK271DESROD.prw
D:\Projetos\Automatech\ERP\Protheus\Fontes\CallCenter\Pontos de Entrada\TKEVALI.prw
D:\Projetos\Automatech\ERP\Protheus\Fontes\CallCenter\Pontos de Entrada\TMKVDEL.prw
D:\Projetos\Automatech\ERP\Protheus\Fontes\Campanha de Venda\Fontes\AUTOM561.prw
D:\Projetos\Automatech\ERP\Protheus\Fontes\Campanha de Venda\Fontes\cria_zsh.prw
D:\Projetos\Automatech\ERP\Protheus\Fontes\Campanha de Venda\Fontes\cria_zsI.prw
D:\Projetos\Automatech\ERP\Protheus\Fontes\Compras\Fontes\AUTOM148.prw
D:\Projetos\Automatech\ERP\Protheus\Fontes\Compras\Fontes\AUTOM203.prw
D:\Projetos\Automatech\ERP\Protheus\Fontes\Compras\Fontes\AUTOM553.prw
D:\Projetos\Automatech\ERP\Protheus\Fontes\Compras\Fontes\AUTOM554.prw
D:\Projetos\Automatech\ERP\Protheus\Fontes\Compras\Fontes\AUTOM560.prw
D:\Projetos\Automatech\ERP\Protheus\Fontes\Compras\Fontes\AUTR001.PRW
D:\Projetos\Automatech\ERP\Protheus\Fontes\Compras\Fontes\MT103FIM.prw
D:\Projetos\Automatech\ERP\Protheus\Fontes\Compras\Gatilhos\AUTOM313.prw
D:\Projetos\Automatech\ERP\Protheus\Fontes\Compras\Gatilhos\AUTOM691.prw
D:\Projetos\Automatech\ERP\Protheus\Fontes\Compras\Pontos de Entrada\autom539.prw
D:\Projetos\Automatech\ERP\Protheus\Fontes\Compras\Pontos de Entrada\MT103DNF.PRW
D:\Projetos\Automatech\ERP\Protheus\Fontes\Compras\Pontos de Entrada\MT103FRT.PRW
D:\Projetos\Automatech\ERP\Protheus\Fontes\Compras\Pontos de Entrada\MT120GRV.prw
D:\Projetos\Automatech\ERP\Protheus\Fontes\Compras\Pontos de Entrada\MT120PCOK.prw
D:\Projetos\Automatech\ERP\Protheus\Fontes\Compras\Pontos de Entrada\PE_MA120BUT.prw
D:\Projetos\Automatech\ERP\Protheus\Fontes\Compras\Pontos de Entrada\PE_MT100TOK.PRW
D:\Projetos\Automatech\ERP\Protheus\Fontes\Compras\Pontos de Entrada\PE_SD1100E.PRW
D:\Projetos\Automatech\ERP\Protheus\Fontes\Compras\Pontos de Entrada\SIGACOM.prw
D:\Projetos\Automatech\ERP\Protheus\Fontes\Configurador\AUTOM339.prw
D:\Projetos\Automatech\ERP\Protheus\Fontes\Configurador\AUTOM686.prw
D:\Projetos\Automatech\ERP\Protheus\Fontes\Configurador\CONSAUDIT.PRW
D:\Projetos\Automatech\ERP\Protheus\Fontes\Configurador\SG_AbreTable.prw
D:\Projetos\Automatech\ERP\Protheus\Fontes\Contratos\Fontes\AUTOM141.prw
D:\Projetos\Automatech\ERP\Protheus\Fontes\Contratos\Fontes\AUTOM229.prw
D:\Projetos\Automatech\ERP\Protheus\Fontes\Contratos\Fontes\AUTOM256.prw
D:\Projetos\Automatech\ERP\Protheus\Fontes\Contratos\Ponto de Entrada\CN200VLPLA.prw
D:\Projetos\Automatech\ERP\Protheus\Fontes\Contratos\Ponto de Entrada\SIGAGCT.prw
D:\Projetos\Automatech\ERP\Protheus\Fontes\Controladoria\Fontes\AUTOM336.prw
D:\Projetos\Automatech\ERP\Protheus\Fontes\Estoque\Fontes\11042014-JPCACD01.prw
D:\Projetos\Automatech\ERP\Protheus\Fontes\Estoque\Fontes\Antes_JPCACD01.prw
D:\Projetos\Automatech\ERP\Protheus\Fontes\Estoque\Fontes\AUTA009.PRW
D:\Projetos\Automatech\ERP\Protheus\Fontes\Estoque\Fontes\AUTOM108.PRW
D:\Projetos\Automatech\ERP\Protheus\Fontes\Estoque\Fontes\AUTOM115.prw
D:\Projetos\Automatech\ERP\Protheus\Fontes\Estoque\Fontes\AUTOM119.prw
D:\Projetos\Automatech\ERP\Protheus\Fontes\Estoque\Fontes\AUTOM127.prw
D:\Projetos\Automatech\ERP\Protheus\Fontes\Estoque\Fontes\AUTOM132.prw
D:\Projetos\Automatech\ERP\Protheus\Fontes\Estoque\Fontes\AUTOM138.PRW
D:\Projetos\Automatech\ERP\Protheus\Fontes\Estoque\Fontes\AUTOM142.prw
D:\Projetos\Automatech\ERP\Protheus\Fontes\Estoque\Fontes\AUTOM152.prw
D:\Projetos\Automatech\ERP\Protheus\Fontes\Estoque\Fontes\AUTOM153.prw
D:\Projetos\Automatech\ERP\Protheus\Fontes\Estoque\Fontes\AUTOM160.prw
D:\Projetos\Automatech\ERP\Protheus\Fontes\Estoque\Fontes\AUTOM175.prw
D:\Projetos\Automatech\ERP\Protheus\Fontes\Estoque\Fontes\AUTOM176.prw
D:\Projetos\Automatech\ERP\Protheus\Fontes\Estoque\Fontes\AUTOM177.prw
D:\Projetos\Automatech\ERP\Protheus\Fontes\Estoque\Fontes\AUTOM181.prw
D:\Projetos\Automatech\ERP\Protheus\Fontes\Estoque\Fontes\AUTOM185.prw
D:\Projetos\Automatech\ERP\Protheus\Fontes\Estoque\Fontes\AUTOM197.prw
D:\Projetos\Automatech\ERP\Protheus\Fontes\Estoque\Fontes\AUTOM200.prw
D:\Projetos\Automatech\ERP\Protheus\Fontes\Estoque\Fontes\AUTOM211.prw
D:\Projetos\Automatech\ERP\Protheus\Fontes\Estoque\Fontes\AUTOM215.prw
D:\Projetos\Automatech\ERP\Protheus\Fontes\Estoque\Fontes\AUTOM236.prw
D:\Projetos\Automatech\ERP\Protheus\Fontes\Estoque\Fontes\AUTOM247.prw
D:\Projetos\Automatech\ERP\Protheus\Fontes\Estoque\Fontes\AUTOM249.prw
D:\Projetos\Automatech\ERP\Protheus\Fontes\Estoque\Fontes\AUTOM252.prw
D:\Projetos\Automatech\ERP\Protheus\Fontes\Estoque\Fontes\AUTOM264.prw
D:\Projetos\Automatech\ERP\Protheus\Fontes\Estoque\Fontes\AUTOM269.prw
D:\Projetos\Automatech\ERP\Protheus\Fontes\Estoque\Fontes\AUTOM270.PRW
D:\Projetos\Automatech\ERP\Protheus\Fontes\Estoque\Fontes\AUTOM272.prw
D:\Projetos\Automatech\ERP\Protheus\Fontes\Estoque\Fontes\AUTOM278.prw
D:\Projetos\Automatech\ERP\Protheus\Fontes\Estoque\Fontes\AUTOM283.prw
D:\Projetos\Automatech\ERP\Protheus\Fontes\Estoque\Fontes\AUTOM284.prw
D:\Projetos\Automatech\ERP\Protheus\Fontes\Estoque\Fontes\AUTOM287.prw
D:\Projetos\Automatech\ERP\Protheus\Fontes\Estoque\Fontes\AUTOM296.prw
D:\Projetos\Automatech\ERP\Protheus\Fontes\Estoque\Fontes\AUTOM307.prw
D:\Projetos\Automatech\ERP\Protheus\Fontes\Estoque\Fontes\AUTOM323.prw
D:\Projetos\Automatech\ERP\Protheus\Fontes\Estoque\Fontes\AUTOM325.prw
D:\Projetos\Automatech\ERP\Protheus\Fontes\Estoque\Fontes\AUTOM326.prw
D:\Projetos\Automatech\ERP\Protheus\Fontes\Estoque\Fontes\AUTOM337.prw
D:\Projetos\Automatech\ERP\Protheus\Fontes\Estoque\Fontes\AUTOM509.prw
D:\Projetos\Automatech\ERP\Protheus\Fontes\Estoque\Fontes\AUTOM510.prw
D:\Projetos\Automatech\ERP\Protheus\Fontes\Estoque\Fontes\AUTOM511.prw
D:\Projetos\Automatech\ERP\Protheus\Fontes\Estoque\Fontes\AUTOM512.prw
D:\Projetos\Automatech\ERP\Protheus\Fontes\Estoque\Fontes\AUTOM517.prw
D:\Projetos\Automatech\ERP\Protheus\Fontes\Estoque\Fontes\AUTOM531.prw
D:\Projetos\Automatech\ERP\Protheus\Fontes\Estoque\Fontes\AUTOM541.prw
D:\Projetos\Automatech\ERP\Protheus\Fontes\Estoque\Fontes\AUTOM542.prw
D:\Projetos\Automatech\ERP\Protheus\Fontes\Estoque\Fontes\AUTOM552.prw
D:\Projetos\Automatech\ERP\Protheus\Fontes\Estoque\Fontes\AUTOM555.prw
D:\Projetos\Automatech\ERP\Protheus\Fontes\Estoque\Fontes\AUTOM557.prw
D:\Projetos\Automatech\ERP\Protheus\Fontes\Estoque\Fontes\AUTOM576.prw
D:\Projetos\Automatech\ERP\Protheus\Fontes\Estoque\Fontes\AUTOM579.prw
D:\Projetos\Automatech\ERP\Protheus\Fontes\Estoque\Fontes\AUTOM588.prw
D:\Projetos\Automatech\ERP\Protheus\Fontes\Estoque\Fontes\AUTOM589.prw
D:\Projetos\Automatech\ERP\Protheus\Fontes\Estoque\Fontes\AUTOM592.prw
D:\Projetos\Automatech\ERP\Protheus\Fontes\Estoque\Fontes\AUTOM595.prw
D:\Projetos\Automatech\ERP\Protheus\Fontes\Estoque\Fontes\AUTOM597.prw
D:\Projetos\Automatech\ERP\Protheus\Fontes\Estoque\Fontes\AUTOM598.prw
D:\Projetos\Automatech\ERP\Protheus\Fontes\Estoque\Fontes\AUTOM599.prw
D:\Projetos\Automatech\ERP\Protheus\Fontes\Estoque\Fontes\AUTOM611.prw
D:\Projetos\Automatech\ERP\Protheus\Fontes\Estoque\Fontes\AUTOM612.prw
D:\Projetos\Automatech\ERP\Protheus\Fontes\Estoque\Fontes\AUTOM616.prw
D:\Projetos\Automatech\ERP\Protheus\Fontes\Estoque\Fontes\AUTOM629.prw
D:\Projetos\Automatech\ERP\Protheus\Fontes\Estoque\Fontes\AUTOM630.prw
D:\Projetos\Automatech\ERP\Protheus\Fontes\Estoque\Fontes\AUTOM631.prw
D:\Projetos\Automatech\ERP\Protheus\Fontes\Estoque\Fontes\AUTOM634.prw
D:\Projetos\Automatech\ERP\Protheus\Fontes\Estoque\Fontes\AUTOM639.prw
D:\Projetos\Automatech\ERP\Protheus\Fontes\Estoque\Fontes\AUTOM640.prw
D:\Projetos\Automatech\ERP\Protheus\Fontes\Estoque\Fontes\AUTOM645.prw
D:\Projetos\Automatech\ERP\Protheus\Fontes\Estoque\Fontes\AUTOM648.prw
D:\Projetos\Automatech\ERP\Protheus\Fontes\Estoque\Fontes\AUTOM653.prw
D:\Projetos\Automatech\ERP\Protheus\Fontes\Estoque\Fontes\AUTOM659.prw
D:\Projetos\Automatech\ERP\Protheus\Fontes\Estoque\Fontes\AUTOM663.prw
D:\Projetos\Automatech\ERP\Protheus\Fontes\Estoque\Fontes\autom668.PRW
D:\Projetos\Automatech\ERP\Protheus\Fontes\Estoque\Fontes\autom669.PRW
D:\Projetos\Automatech\ERP\Protheus\Fontes\Estoque\Fontes\AUTOM670.prw
D:\Projetos\Automatech\ERP\Protheus\Fontes\Estoque\Fontes\AUTOM672.prw
D:\Projetos\Automatech\ERP\Protheus\Fontes\Estoque\Fontes\AUTOM674.prw
D:\Projetos\Automatech\ERP\Protheus\Fontes\Estoque\Fontes\AUTOM677.prw
D:\Projetos\Automatech\ERP\Protheus\Fontes\Estoque\Fontes\AUTOM680.prw
D:\Projetos\Automatech\ERP\Protheus\Fontes\Estoque\Fontes\AUTOM688.PRW
D:\Projetos\Automatech\ERP\Protheus\Fontes\Estoque\Fontes\AutomHTML.prw
D:\Projetos\Automatech\ERP\Protheus\Fontes\Estoque\Fontes\AUTOMR05.PRW
D:\Projetos\Automatech\ERP\Protheus\Fontes\Estoque\Fontes\AUTOMR13.PRW
D:\Projetos\Automatech\ERP\Protheus\Fontes\Estoque\Fontes\AUTOMR23.PRW
D:\Projetos\Automatech\ERP\Protheus\Fontes\Estoque\Fontes\AUTOMR30.PRW
D:\Projetos\Automatech\ERP\Protheus\Fontes\Estoque\Fontes\AUTOMR51.PRW
D:\Projetos\Automatech\ERP\Protheus\Fontes\Estoque\Fontes\AUTOMR52.prw
D:\Projetos\Automatech\ERP\Protheus\Fontes\Estoque\Fontes\AUTOMR66.prw
D:\Projetos\Automatech\ERP\Protheus\Fontes\Estoque\Fontes\AUTOMR85.prw
D:\Projetos\Automatech\ERP\Protheus\Fontes\Estoque\Fontes\AUTOMR87.prw
D:\Projetos\Automatech\ERP\Protheus\Fontes\Estoque\Fontes\AUTOMR88.prw
D:\Projetos\Automatech\ERP\Protheus\Fontes\Estoque\Fontes\AUXILIAR01.prw
D:\Projetos\Automatech\ERP\Protheus\Fontes\Estoque\Fontes\CRIA_ZP2.prw
D:\Projetos\Automatech\ERP\Protheus\Fontes\Estoque\Fontes\CRIA_ZP8.prw
D:\Projetos\Automatech\ERP\Protheus\Fontes\Estoque\Fontes\CRIA_ZPL.prw
D:\Projetos\Automatech\ERP\Protheus\Fontes\Estoque\Fontes\CRIA_ZS9.prw
D:\Projetos\Automatech\ERP\Protheus\Fontes\Estoque\Fontes\CRIA_ZSK.prw
D:\Projetos\Automatech\ERP\Protheus\Fontes\Estoque\Fontes\cria_zt9.prw
D:\Projetos\Automatech\ERP\Protheus\Fontes\Estoque\Fontes\CRIA_ZTA.prw
D:\Projetos\Automatech\ERP\Protheus\Fontes\Estoque\Fontes\CRIA_ZZ5.prw
D:\Projetos\Automatech\ERP\Protheus\Fontes\Estoque\Fontes\CRIA_ZZO.prw
D:\Projetos\Automatech\ERP\Protheus\Fontes\Estoque\Fontes\cus020.prw
D:\Projetos\Automatech\ERP\Protheus\Fontes\Estoque\Fontes\geraempdf.PRW
D:\Projetos\Automatech\ERP\Protheus\Fontes\Estoque\Fontes\hans_JPCACD01.prw
D:\Projetos\Automatech\ERP\Protheus\Fontes\Estoque\Fontes\incluiop.prw
D:\Projetos\Automatech\ERP\Protheus\Fontes\Estoque\Fontes\JPCACD01-btn.prw
D:\Projetos\Automatech\ERP\Protheus\Fontes\Estoque\Fontes\JPCACD01-old.prw
D:\Projetos\Automatech\ERP\Protheus\Fontes\Estoque\Fontes\JPCACD01.prw
D:\Projetos\Automatech\ERP\Protheus\Fontes\Estoque\Fontes\JPCACD01_ANTERIOR.prw
D:\Projetos\Automatech\ERP\Protheus\Fontes\Estoque\Fontes\PE_MATA265.prw
D:\Projetos\Automatech\ERP\Protheus\Fontes\Estoque\Fontes\SIGAEST.prw
D:\Projetos\Automatech\ERP\Protheus\Fontes\Estoque\Fontes\ZZQBROWSE.PRW
D:\Projetos\Automatech\ERP\Protheus\Fontes\Estoque\Fontes\__JPCACD01.prw
D:\Projetos\Automatech\ERP\Protheus\Fontes\Estoque\Fontes\___AUTOMR05.PRW
D:\Projetos\Automatech\ERP\Protheus\Fontes\Estoque\Fontes\jpcacd01_nao_apargar\JPCACD01.prw
D:\Projetos\Automatech\ERP\Protheus\Fontes\Estoque\Gatilhos\AUTG009.prw
D:\Projetos\Automatech\ERP\Protheus\Fontes\Estoque\Gatilhos\AUTG010.prw
D:\Projetos\Automatech\ERP\Protheus\Fontes\Estoque\Gatilhos\AUTOM610.prw
D:\Projetos\Automatech\ERP\Protheus\Fontes\Estoque\Gatilhos\AUTOM676.prw
D:\Projetos\Automatech\ERP\Protheus\Fontes\Estoque\Gatilhos\AUTOM689.prw
D:\Projetos\Automatech\ERP\Protheus\Fontes\Estoque\Pontos de Entrada\#5888PE_SD3250I.PRW
D:\Projetos\Automatech\ERP\Protheus\Fontes\Estoque\Pontos de Entrada\A010TOK.prw
D:\Projetos\Automatech\ERP\Protheus\Fontes\Estoque\Pontos de Entrada\A093SBR.prw
D:\Projetos\Automatech\ERP\Protheus\Fontes\Estoque\Pontos de Entrada\A250ENOK.prw
D:\Projetos\Automatech\ERP\Protheus\Fontes\Estoque\Pontos de Entrada\A250SPRC.prw
D:\Projetos\Automatech\ERP\Protheus\Fontes\Estoque\Pontos de Entrada\CRIA_ZPK.prw
D:\Projetos\Automatech\ERP\Protheus\Fontes\Estoque\Pontos de Entrada\M010FIL.prw
D:\Projetos\Automatech\ERP\Protheus\Fontes\Estoque\Pontos de Entrada\M010FILB.prw
D:\Projetos\Automatech\ERP\Protheus\Fontes\Estoque\Pontos de Entrada\M265BUT.prw
D:\Projetos\Automatech\ERP\Protheus\Fontes\Estoque\Pontos de Entrada\M650BCHOI.prw
D:\Projetos\Automatech\ERP\Protheus\Fontes\Estoque\Pontos de Entrada\MA035BUT.prw
D:\Projetos\Automatech\ERP\Protheus\Fontes\Estoque\Pontos de Entrada\MA103OPC.prw
D:\Projetos\Automatech\ERP\Protheus\Fontes\Estoque\Pontos de Entrada\mt010alt.PRW
D:\Projetos\Automatech\ERP\Protheus\Fontes\Estoque\Pontos de Entrada\MT010BRW.PRW
D:\Projetos\Automatech\ERP\Protheus\Fontes\Estoque\Pontos de Entrada\MT010INC.prw
D:\Projetos\Automatech\ERP\Protheus\Fontes\Estoque\Pontos de Entrada\MT103FIM.prw
D:\Projetos\Automatech\ERP\Protheus\Fontes\Estoque\Pontos de Entrada\MT241SD3.PRW
D:\Projetos\Automatech\ERP\Protheus\Fontes\Estoque\Pontos de Entrada\MT680GREST.prw
D:\Projetos\Automatech\ERP\Protheus\Fontes\Estoque\Pontos de Entrada\MT680VAL.prw
D:\Projetos\Automatech\ERP\Protheus\Fontes\Estoque\Pontos de Entrada\MTULTNFE.PRW
D:\Projetos\Automatech\ERP\Protheus\Fontes\Estoque\Pontos de Entrada\PE_MA010FIL.prw
D:\Projetos\Automatech\ERP\Protheus\Fontes\Estoque\Pontos de Entrada\PE_MA260D3F.PRW
D:\Projetos\Automatech\ERP\Protheus\Fontes\Estoque\Pontos de Entrada\PE_MA650DC6.PRW
D:\Projetos\Automatech\ERP\Protheus\Fontes\Estoque\Pontos de Entrada\PE_MATA093.prw
D:\Projetos\Automatech\ERP\Protheus\Fontes\Estoque\Pontos de Entrada\PE_MATA260.PRW
D:\Projetos\Automatech\ERP\Protheus\Fontes\Estoque\Pontos de Entrada\PE_MATA265.prw
D:\Projetos\Automatech\ERP\Protheus\Fontes\Estoque\Pontos de Entrada\PE_MATA650.PRW
D:\Projetos\Automatech\ERP\Protheus\Fontes\Estoque\Pontos de Entrada\PE_MT250GREST.PRW
D:\Projetos\Automatech\ERP\Protheus\Fontes\Estoque\Pontos de Entrada\PE_SD3250I.PRW
D:\Projetos\Automatech\ERP\Protheus\Fontes\Estoque\Produtos\PRODUTO.prw
D:\Projetos\Automatech\ERP\Protheus\Fontes\Faturamento\Auxiliares\AUTOM145.PRW
D:\Projetos\Automatech\ERP\Protheus\Fontes\Faturamento\Auxiliares\AUTOM147.PRW
D:\Projetos\Automatech\ERP\Protheus\Fontes\Faturamento\Contratos\Fontes\AUTOM141.prw
D:\Projetos\Automatech\ERP\Protheus\Fontes\Faturamento\Contratos\Fontes\AUTOM229.prw
D:\Projetos\Automatech\ERP\Protheus\Fontes\Faturamento\Contratos\Fontes\AUTOM256.prw
D:\Projetos\Automatech\ERP\Protheus\Fontes\Faturamento\Contratos\Ponto de Entrada\CN200VLPLA.prw
D:\Projetos\Automatech\ERP\Protheus\Fontes\Faturamento\Contratos\Ponto de Entrada\SIGAGCT.prw
D:\Projetos\Automatech\ERP\Protheus\Fontes\Faturamento\Contratos\Ponto de Entrada\_CN200VLPLA.prw
D:\Projetos\Automatech\ERP\Protheus\Fontes\Faturamento\CRM\Fontes\11.1_AUTR002.prw
D:\Projetos\Automatech\ERP\Protheus\Fontes\Faturamento\CRM\Fontes\AUTA001.PRW
D:\Projetos\Automatech\ERP\Protheus\Fontes\Faturamento\CRM\Fontes\AUTOM171.prw
D:\Projetos\Automatech\ERP\Protheus\Fontes\Faturamento\CRM\Fontes\AUTOM190.prw
D:\Projetos\Automatech\ERP\Protheus\Fontes\Faturamento\CRM\Fontes\AUTOM210.PRW
D:\Projetos\Automatech\ERP\Protheus\Fontes\Faturamento\CRM\Fontes\AUTOMR02.PRW
D:\Projetos\Automatech\ERP\Protheus\Fontes\Faturamento\CRM\Fontes\AUTOMR29.prw
D:\Projetos\Automatech\ERP\Protheus\Fontes\Faturamento\CRM\Fontes\AUTOMR36.prw
D:\Projetos\Automatech\ERP\Protheus\Fontes\Faturamento\CRM\Fontes\AUTOMR37.prw
D:\Projetos\Automatech\ERP\Protheus\Fontes\Faturamento\CRM\Fontes\AUTOMR69.prw
D:\Projetos\Automatech\ERP\Protheus\Fontes\Faturamento\CRM\Fontes\AUTOMR80.PRW
D:\Projetos\Automatech\ERP\Protheus\Fontes\Faturamento\CRM\Fontes\AUTOMR84.PRW
D:\Projetos\Automatech\ERP\Protheus\Fontes\Faturamento\CRM\Fontes\AUTR002.prw
D:\Projetos\Automatech\ERP\Protheus\Fontes\Faturamento\CRM\Fontes\X_AUTR002.PRW
D:\Projetos\Automatech\ERP\Protheus\Fontes\Faturamento\CRM\Fontes\__AUTR002.PRW
D:\Projetos\Automatech\ERP\Protheus\Fontes\Faturamento\CRM\Pontos de Entrada\PE_FATA300.prw
D:\Projetos\Automatech\ERP\Protheus\Fontes\Faturamento\CRM\Pontos de Entrada\PE_FT300BUT.PRW
D:\Projetos\Automatech\ERP\Protheus\Fontes\Faturamento\CRM\Pontos de Entrada\SIGAFIN.prw
D:\Projetos\Automatech\ERP\Protheus\Fontes\Faturamento\CRM\Pontos de Entrada\SIGATMK.prw
D:\Projetos\Automatech\ERP\Protheus\Fontes\Faturamento\CRM\Pontos de Entrada\TMK380BTN.prw
D:\Projetos\Automatech\ERP\Protheus\Fontes\Faturamento\Fontes\11.1_AUTOM243.prw
D:\Projetos\Automatech\ERP\Protheus\Fontes\Faturamento\Fontes\2013_danfeii.prw
D:\Projetos\Automatech\ERP\Protheus\Fontes\Faturamento\Fontes\2013_nfesefaz.prw
D:\Projetos\Automatech\ERP\Protheus\Fontes\Faturamento\Fontes\2503_nfesefaz.prw
D:\Projetos\Automatech\ERP\Protheus\Fontes\Faturamento\Fontes\aMATR919.prw
D:\Projetos\Automatech\ERP\Protheus\Fontes\Faturamento\Fontes\amatr968.prw
D:\Projetos\Automatech\ERP\Protheus\Fontes\Faturamento\Fontes\Antes_da_alteracao_da_fernanda_nfesefaz.prw
D:\Projetos\Automatech\ERP\Protheus\Fontes\Faturamento\Fontes\AT450BUT2.prw
D:\Projetos\Automatech\ERP\Protheus\Fontes\Faturamento\Fontes\AUTA003.PRW
D:\Projetos\Automatech\ERP\Protheus\Fontes\Faturamento\Fontes\AUTA004.PRW
D:\Projetos\Automatech\ERP\Protheus\Fontes\Faturamento\Fontes\AUTA004_bkp.PRW
D:\Projetos\Automatech\ERP\Protheus\Fontes\Faturamento\Fontes\AUTA006.prw
D:\Projetos\Automatech\ERP\Protheus\Fontes\Faturamento\Fontes\AUTA008.prw
D:\Projetos\Automatech\ERP\Protheus\Fontes\Faturamento\Fontes\AUTA011.PRW
D:\Projetos\Automatech\ERP\Protheus\Fontes\Faturamento\Fontes\AUTA011_22052017.PRW
D:\Projetos\Automatech\ERP\Protheus\Fontes\Faturamento\Fontes\AUTA800.PRW
D:\Projetos\Automatech\ERP\Protheus\Fontes\Faturamento\Fontes\AUTO214A.prw
D:\Projetos\Automatech\ERP\Protheus\Fontes\Faturamento\Fontes\AUTO214B.prw
D:\Projetos\Automatech\ERP\Protheus\Fontes\Faturamento\Fontes\AUTOM105.PRW
D:\Projetos\Automatech\ERP\Protheus\Fontes\Faturamento\Fontes\AUTOM112.prw
D:\Projetos\Automatech\ERP\Protheus\Fontes\Faturamento\Fontes\AUTOM122.prw
D:\Projetos\Automatech\ERP\Protheus\Fontes\Faturamento\Fontes\AUTOM125.prw
D:\Projetos\Automatech\ERP\Protheus\Fontes\Faturamento\Fontes\AUTOM128.prw
D:\Projetos\Automatech\ERP\Protheus\Fontes\Faturamento\Fontes\AUTOM131.PRW
D:\Projetos\Automatech\ERP\Protheus\Fontes\Faturamento\Fontes\AUTOM133.prw
D:\Projetos\Automatech\ERP\Protheus\Fontes\Faturamento\Fontes\AUTOM135.prw
D:\Projetos\Automatech\ERP\Protheus\Fontes\Faturamento\Fontes\AUTOM136.prw
D:\Projetos\Automatech\ERP\Protheus\Fontes\Faturamento\Fontes\AUTOM137.prw
D:\Projetos\Automatech\ERP\Protheus\Fontes\Faturamento\Fontes\AUTOM143.prw
D:\Projetos\Automatech\ERP\Protheus\Fontes\Faturamento\Fontes\AUTOM144.prw
D:\Projetos\Automatech\ERP\Protheus\Fontes\Faturamento\Fontes\AUTOM146.prw
D:\Projetos\Automatech\ERP\Protheus\Fontes\Faturamento\Fontes\AUTOM149.prw
D:\Projetos\Automatech\ERP\Protheus\Fontes\Faturamento\Fontes\AUTOM151.PRW
D:\Projetos\Automatech\ERP\Protheus\Fontes\Faturamento\Fontes\AUTOM154.prw
D:\Projetos\Automatech\ERP\Protheus\Fontes\Faturamento\Fontes\AUTOM159.prw
D:\Projetos\Automatech\ERP\Protheus\Fontes\Faturamento\Fontes\AUTOM162.prw
D:\Projetos\Automatech\ERP\Protheus\Fontes\Faturamento\Fontes\AUTOM163.prw
D:\Projetos\Automatech\ERP\Protheus\Fontes\Faturamento\Fontes\AUTOM164.prw
D:\Projetos\Automatech\ERP\Protheus\Fontes\Faturamento\Fontes\AUTOM164_bkp.prw
D:\Projetos\Automatech\ERP\Protheus\Fontes\Faturamento\Fontes\AUTOM165.PRW
D:\Projetos\Automatech\ERP\Protheus\Fontes\Faturamento\Fontes\AUTOM166.prw
D:\Projetos\Automatech\ERP\Protheus\Fontes\Faturamento\Fontes\AUTOM169.prw
D:\Projetos\Automatech\ERP\Protheus\Fontes\Faturamento\Fontes\AUTOM170 - C¢pia.prw
D:\Projetos\Automatech\ERP\Protheus\Fontes\Faturamento\Fontes\AUTOM170.prw
D:\Projetos\Automatech\ERP\Protheus\Fontes\Faturamento\Fontes\AUTOM172.prw
D:\Projetos\Automatech\ERP\Protheus\Fontes\Faturamento\Fontes\AUTOM173.prw
D:\Projetos\Automatech\ERP\Protheus\Fontes\Faturamento\Fontes\AUTOM174.prw
D:\Projetos\Automatech\ERP\Protheus\Fontes\Faturamento\Fontes\AUTOM179.prw
D:\Projetos\Automatech\ERP\Protheus\Fontes\Faturamento\Fontes\AUTOM180.prw
D:\Projetos\Automatech\ERP\Protheus\Fontes\Faturamento\Fontes\AUTOM184.prw
D:\Projetos\Automatech\ERP\Protheus\Fontes\Faturamento\Fontes\AUTOM186.PRW
D:\Projetos\Automatech\ERP\Protheus\Fontes\Faturamento\Fontes\AUTOM187.prw
D:\Projetos\Automatech\ERP\Protheus\Fontes\Faturamento\Fontes\AUTOM191.PRW
D:\Projetos\Automatech\ERP\Protheus\Fontes\Faturamento\Fontes\AUTOM192.PRW
D:\Projetos\Automatech\ERP\Protheus\Fontes\Faturamento\Fontes\AUTOM193.prw
D:\Projetos\Automatech\ERP\Protheus\Fontes\Faturamento\Fontes\AUTOM195.prw
D:\Projetos\Automatech\ERP\Protheus\Fontes\Faturamento\Fontes\AUTOM196.prw
D:\Projetos\Automatech\ERP\Protheus\Fontes\Faturamento\Fontes\AUTOM206.prw
D:\Projetos\Automatech\ERP\Protheus\Fontes\Faturamento\Fontes\AUTOM214.prw
D:\Projetos\Automatech\ERP\Protheus\Fontes\Faturamento\Fontes\AUTOM216.prw
D:\Projetos\Automatech\ERP\Protheus\Fontes\Faturamento\Fontes\AUTOM227.prw
D:\Projetos\Automatech\ERP\Protheus\Fontes\Faturamento\Fontes\AUTOM231.prw
D:\Projetos\Automatech\ERP\Protheus\Fontes\Faturamento\Fontes\AUTOM232.prw
D:\Projetos\Automatech\ERP\Protheus\Fontes\Faturamento\Fontes\AUTOM233.prw
D:\Projetos\Automatech\ERP\Protheus\Fontes\Faturamento\Fontes\AUTOM234.prw
D:\Projetos\Automatech\ERP\Protheus\Fontes\Faturamento\Fontes\AUTOM240.prw
D:\Projetos\Automatech\ERP\Protheus\Fontes\Faturamento\Fontes\AUTOM243.prw
D:\Projetos\Automatech\ERP\Protheus\Fontes\Faturamento\Fontes\AUTOM244.PRW
D:\Projetos\Automatech\ERP\Protheus\Fontes\Faturamento\Fontes\AUTOM246.prw
D:\Projetos\Automatech\ERP\Protheus\Fontes\Faturamento\Fontes\AUTOM248.prw
D:\Projetos\Automatech\ERP\Protheus\Fontes\Faturamento\Fontes\AUTOM250.prw
D:\Projetos\Automatech\ERP\Protheus\Fontes\Faturamento\Fontes\Autom251.prw
D:\Projetos\Automatech\ERP\Protheus\Fontes\Faturamento\Fontes\AUTOM254.PRW
D:\Projetos\Automatech\ERP\Protheus\Fontes\Faturamento\Fontes\AUTOM266.prw
D:\Projetos\Automatech\ERP\Protheus\Fontes\Faturamento\Fontes\AUTOM271.prw
D:\Projetos\Automatech\ERP\Protheus\Fontes\Faturamento\Fontes\AUTOM277.prw
D:\Projetos\Automatech\ERP\Protheus\Fontes\Faturamento\Fontes\AUTOM277_BKP.prw
D:\Projetos\Automatech\ERP\Protheus\Fontes\Faturamento\Fontes\AUTOM280.prw
D:\Projetos\Automatech\ERP\Protheus\Fontes\Faturamento\Fontes\AUTOM281.prw
D:\Projetos\Automatech\ERP\Protheus\Fontes\Faturamento\Fontes\AUTOM282.PRW
D:\Projetos\Automatech\ERP\Protheus\Fontes\Faturamento\Fontes\AUTOM286.prw
D:\Projetos\Automatech\ERP\Protheus\Fontes\Faturamento\Fontes\AUTOM288.prw
D:\Projetos\Automatech\ERP\Protheus\Fontes\Faturamento\Fontes\AUTOM290.prw
D:\Projetos\Automatech\ERP\Protheus\Fontes\Faturamento\Fontes\AUTOM291.prw
D:\Projetos\Automatech\ERP\Protheus\Fontes\Faturamento\Fontes\AUTOM308.prw
D:\Projetos\Automatech\ERP\Protheus\Fontes\Faturamento\Fontes\AUTOM320.prw
D:\Projetos\Automatech\ERP\Protheus\Fontes\Faturamento\Fontes\AUTOM321.prw
D:\Projetos\Automatech\ERP\Protheus\Fontes\Faturamento\Fontes\AUTOM333.prw
D:\Projetos\Automatech\ERP\Protheus\Fontes\Faturamento\Fontes\AUTOM338.prw
D:\Projetos\Automatech\ERP\Protheus\Fontes\Faturamento\Fontes\AUTOM340.prw
D:\Projetos\Automatech\ERP\Protheus\Fontes\Faturamento\Fontes\autom341.PRW
D:\Projetos\Automatech\ERP\Protheus\Fontes\Faturamento\Fontes\autom344.PRW
D:\Projetos\Automatech\ERP\Protheus\Fontes\Faturamento\Fontes\AUTOM346.prw
D:\Projetos\Automatech\ERP\Protheus\Fontes\Faturamento\Fontes\AUTOM347.prw
D:\Projetos\Automatech\ERP\Protheus\Fontes\Faturamento\Fontes\AUTOM349.prw
D:\Projetos\Automatech\ERP\Protheus\Fontes\Faturamento\Fontes\AUTOM351.prw
D:\Projetos\Automatech\ERP\Protheus\Fontes\Faturamento\Fontes\AUTOM354.prw
D:\Projetos\Automatech\ERP\Protheus\Fontes\Faturamento\Fontes\AUTOM356.prw
D:\Projetos\Automatech\ERP\Protheus\Fontes\Faturamento\Fontes\AUTOM508.prw
D:\Projetos\Automatech\ERP\Protheus\Fontes\Faturamento\Fontes\AUTOM521.PRW
D:\Projetos\Automatech\ERP\Protheus\Fontes\Faturamento\Fontes\AUTOM524.prw
D:\Projetos\Automatech\ERP\Protheus\Fontes\Faturamento\Fontes\AUTOM526.prw
D:\Projetos\Automatech\ERP\Protheus\Fontes\Faturamento\Fontes\AUTOM527.prw
D:\Projetos\Automatech\ERP\Protheus\Fontes\Faturamento\Fontes\autom529.PRW
D:\Projetos\Automatech\ERP\Protheus\Fontes\Faturamento\Fontes\AUTOM546.prw
D:\Projetos\Automatech\ERP\Protheus\Fontes\Faturamento\Fontes\AUTOM550.prw
D:\Projetos\Automatech\ERP\Protheus\Fontes\Faturamento\Fontes\AUTOM551.prw
D:\Projetos\Automatech\ERP\Protheus\Fontes\Faturamento\Fontes\AUTOM562.prw
D:\Projetos\Automatech\ERP\Protheus\Fontes\Faturamento\Fontes\AUTOM564.prw
D:\Projetos\Automatech\ERP\Protheus\Fontes\Faturamento\Fontes\AUTOM565.prw
D:\Projetos\Automatech\ERP\Protheus\Fontes\Faturamento\Fontes\AUTOM574.prw
D:\Projetos\Automatech\ERP\Protheus\Fontes\Faturamento\Fontes\AUTOM575.prw
D:\Projetos\Automatech\ERP\Protheus\Fontes\Faturamento\Fontes\AUTOM577.prw
D:\Projetos\Automatech\ERP\Protheus\Fontes\Faturamento\Fontes\AUTOM580.prw
D:\Projetos\Automatech\ERP\Protheus\Fontes\Faturamento\Fontes\AUTOM581.prw
D:\Projetos\Automatech\ERP\Protheus\Fontes\Faturamento\Fontes\AUTOM582.prw
D:\Projetos\Automatech\ERP\Protheus\Fontes\Faturamento\Fontes\AUTOM583.prw
D:\Projetos\Automatech\ERP\Protheus\Fontes\Faturamento\Fontes\AUTOM584.prw
D:\Projetos\Automatech\ERP\Protheus\Fontes\Faturamento\Fontes\AUTOM585.prw
D:\Projetos\Automatech\ERP\Protheus\Fontes\Faturamento\Fontes\AUTOM586.prw
D:\Projetos\Automatech\ERP\Protheus\Fontes\Faturamento\Fontes\AUTOM587.prw
D:\Projetos\Automatech\ERP\Protheus\Fontes\Faturamento\Fontes\AUTOM590.prw
D:\Projetos\Automatech\ERP\Protheus\Fontes\Faturamento\Fontes\AUTOM593.prw
D:\Projetos\Automatech\ERP\Protheus\Fontes\Faturamento\Fontes\AUTOM594.prw
D:\Projetos\Automatech\ERP\Protheus\Fontes\Faturamento\Fontes\AUTOM613.prw
D:\Projetos\Automatech\ERP\Protheus\Fontes\Faturamento\Fontes\AUTOM614.prw
D:\Projetos\Automatech\ERP\Protheus\Fontes\Faturamento\Fontes\AUTOM615.prw
D:\Projetos\Automatech\ERP\Protheus\Fontes\Faturamento\Fontes\AUTOM617.prw
D:\Projetos\Automatech\ERP\Protheus\Fontes\Faturamento\Fontes\AUTOM618.prw
D:\Projetos\Automatech\ERP\Protheus\Fontes\Faturamento\Fontes\AUTOM619.prw
D:\Projetos\Automatech\ERP\Protheus\Fontes\Faturamento\Fontes\AUTOM620.prw
D:\Projetos\Automatech\ERP\Protheus\Fontes\Faturamento\Fontes\AUTOM621.prw
D:\Projetos\Automatech\ERP\Protheus\Fontes\Faturamento\Fontes\AUTOM622.prw
D:\Projetos\Automatech\ERP\Protheus\Fontes\Faturamento\Fontes\AUTOM623.prw
D:\Projetos\Automatech\ERP\Protheus\Fontes\Faturamento\Fontes\AUTOM624.prw
D:\Projetos\Automatech\ERP\Protheus\Fontes\Faturamento\Fontes\AUTOM625.prw
D:\Projetos\Automatech\ERP\Protheus\Fontes\Faturamento\Fontes\AUTOM626.prw
D:\Projetos\Automatech\ERP\Protheus\Fontes\Faturamento\Fontes\AUTOM628.prw
D:\Projetos\Automatech\ERP\Protheus\Fontes\Faturamento\Fontes\AUTOM632.prw
D:\Projetos\Automatech\ERP\Protheus\Fontes\Faturamento\Fontes\AUTOM633.prw
D:\Projetos\Automatech\ERP\Protheus\Fontes\Faturamento\Fontes\AUTOM636.prw
D:\Projetos\Automatech\ERP\Protheus\Fontes\Faturamento\Fontes\AUTOM637.prw
D:\Projetos\Automatech\ERP\Protheus\Fontes\Faturamento\Fontes\AUTOM638.prw
D:\Projetos\Automatech\ERP\Protheus\Fontes\Faturamento\Fontes\AUTOM642.prw
D:\Projetos\Automatech\ERP\Protheus\Fontes\Faturamento\Fontes\AUTOM644.prw
D:\Projetos\Automatech\ERP\Protheus\Fontes\Faturamento\Fontes\AUTOM647.prw
D:\Projetos\Automatech\ERP\Protheus\Fontes\Faturamento\Fontes\AUTOM649.prw
D:\Projetos\Automatech\ERP\Protheus\Fontes\Faturamento\Fontes\autom651.PRW
D:\Projetos\Automatech\ERP\Protheus\Fontes\Faturamento\Fontes\AUTOM652.prw
D:\Projetos\Automatech\ERP\Protheus\Fontes\Faturamento\Fontes\AUTOM654.prw
D:\Projetos\Automatech\ERP\Protheus\Fontes\Faturamento\Fontes\AUTOM655.PRW
D:\Projetos\Automatech\ERP\Protheus\Fontes\Faturamento\Fontes\autom656.PRW
D:\Projetos\Automatech\ERP\Protheus\Fontes\Faturamento\Fontes\AUTOM657.prw
D:\Projetos\Automatech\ERP\Protheus\Fontes\Faturamento\Fontes\AUTOM661.prw
D:\Projetos\Automatech\ERP\Protheus\Fontes\Faturamento\Fontes\AUTOM662.prw
D:\Projetos\Automatech\ERP\Protheus\Fontes\Faturamento\Fontes\AUTOM664.prw
D:\Projetos\Automatech\ERP\Protheus\Fontes\Faturamento\Fontes\AUTOM665.prw
D:\Projetos\Automatech\ERP\Protheus\Fontes\Faturamento\Fontes\AUTOM671.prw
D:\Projetos\Automatech\ERP\Protheus\Fontes\Faturamento\Fontes\AUTOM683.prw
D:\Projetos\Automatech\ERP\Protheus\Fontes\Faturamento\Fontes\AUTOM684.prw
D:\Projetos\Automatech\ERP\Protheus\Fontes\Faturamento\Fontes\AUTOM685.prw
D:\Projetos\Automatech\ERP\Protheus\Fontes\Faturamento\Fontes\AUTOMR03.PRW
D:\Projetos\Automatech\ERP\Protheus\Fontes\Faturamento\Fontes\AUTOMR06.PRW
D:\Projetos\Automatech\ERP\Protheus\Fontes\Faturamento\Fontes\AUTOMR08.PRW
D:\Projetos\Automatech\ERP\Protheus\Fontes\Faturamento\Fontes\AUTOMR09.PRW
D:\Projetos\Automatech\ERP\Protheus\Fontes\Faturamento\Fontes\AUTOMR10.PRW
D:\Projetos\Automatech\ERP\Protheus\Fontes\Faturamento\Fontes\AUTOMR14.PRW
D:\Projetos\Automatech\ERP\Protheus\Fontes\Faturamento\Fontes\AUTOMR16.PRW
D:\Projetos\Automatech\ERP\Protheus\Fontes\Faturamento\Fontes\AUTOMR17 - C¢pia.PRW
D:\Projetos\Automatech\ERP\Protheus\Fontes\Faturamento\Fontes\AUTOMR17.PRW
D:\Projetos\Automatech\ERP\Protheus\Fontes\Faturamento\Fontes\AUTOMR18.PRW
D:\Projetos\Automatech\ERP\Protheus\Fontes\Faturamento\Fontes\AUTOMR20.PRW
D:\Projetos\Automatech\ERP\Protheus\Fontes\Faturamento\Fontes\AUTOMR31.PRW
D:\Projetos\Automatech\ERP\Protheus\Fontes\Faturamento\Fontes\AUTOMR36.prw
D:\Projetos\Automatech\ERP\Protheus\Fontes\Faturamento\Fontes\AUTOMR38.prw
D:\Projetos\Automatech\ERP\Protheus\Fontes\Faturamento\Fontes\AUTOMR39.prw
D:\Projetos\Automatech\ERP\Protheus\Fontes\Faturamento\Fontes\AUTOMR40.PRW
D:\Projetos\Automatech\ERP\Protheus\Fontes\Faturamento\Fontes\AUTOMR42.prw
D:\Projetos\Automatech\ERP\Protheus\Fontes\Faturamento\Fontes\AUTOMR43.prw
D:\Projetos\Automatech\ERP\Protheus\Fontes\Faturamento\Fontes\AUTOMR44.prw
D:\Projetos\Automatech\ERP\Protheus\Fontes\Faturamento\Fontes\AUTOMR45.prw
D:\Projetos\Automatech\ERP\Protheus\Fontes\Faturamento\Fontes\AUTOMR46.prw
D:\Projetos\Automatech\ERP\Protheus\Fontes\Faturamento\Fontes\AUTOMR47.prw
D:\Projetos\Automatech\ERP\Protheus\Fontes\Faturamento\Fontes\AUTOMR48.prw
D:\Projetos\Automatech\ERP\Protheus\Fontes\Faturamento\Fontes\AUTOMR50.prw
D:\Projetos\Automatech\ERP\Protheus\Fontes\Faturamento\Fontes\AUTOMR53.prw
D:\Projetos\Automatech\ERP\Protheus\Fontes\Faturamento\Fontes\AUTOMR60.prw
D:\Projetos\Automatech\ERP\Protheus\Fontes\Faturamento\Fontes\AUTOMR61.prw
D:\Projetos\Automatech\ERP\Protheus\Fontes\Faturamento\Fontes\AUTOMR63.prw
D:\Projetos\Automatech\ERP\Protheus\Fontes\Faturamento\Fontes\AUTOMR67.PRW
D:\Projetos\Automatech\ERP\Protheus\Fontes\Faturamento\Fontes\AUTOMR68.PRW
D:\Projetos\Automatech\ERP\Protheus\Fontes\Faturamento\Fontes\AUTOMR81.PRW
D:\Projetos\Automatech\ERP\Protheus\Fontes\Faturamento\Fontes\AUTOMR81_ORIGINAL.PRW
D:\Projetos\Automatech\ERP\Protheus\Fontes\Faturamento\Fontes\AUTOMR83.prw
D:\Projetos\Automatech\ERP\Protheus\Fontes\Faturamento\Fontes\AUTR006.prw
D:\Projetos\Automatech\ERP\Protheus\Fontes\Faturamento\Fontes\AUTR011.PRW
D:\Projetos\Automatech\ERP\Protheus\Fontes\Faturamento\Fontes\CRIATAB_ZPK.prw
D:\Projetos\Automatech\ERP\Protheus\Fontes\Faturamento\Fontes\CRIA_ZPG.prw
D:\Projetos\Automatech\ERP\Protheus\Fontes\Faturamento\Fontes\CRIA_ZPH.prw
D:\Projetos\Automatech\ERP\Protheus\Fontes\Faturamento\Fontes\CRIA_ZPI.prw
D:\Projetos\Automatech\ERP\Protheus\Fontes\Faturamento\Fontes\cria_zpk.prw
D:\Projetos\Automatech\ERP\Protheus\Fontes\Faturamento\Fontes\CRIA_ZPM.prw
D:\Projetos\Automatech\ERP\Protheus\Fontes\Faturamento\Fontes\CRIA_ZS5.prw
D:\Projetos\Automatech\ERP\Protheus\Fontes\Faturamento\Fontes\CRIA_ZSA.prw
D:\Projetos\Automatech\ERP\Protheus\Fontes\Faturamento\Fontes\CRIA_ZT2.prw
D:\Projetos\Automatech\ERP\Protheus\Fontes\Faturamento\Fontes\CRIA_ZTH.prw
D:\Projetos\Automatech\ERP\Protheus\Fontes\Faturamento\Fontes\CRIA_ZTI.prw
D:\Projetos\Automatech\ERP\Protheus\Fontes\Faturamento\Fontes\CRIA_ZTK.prw
D:\Projetos\Automatech\ERP\Protheus\Fontes\Faturamento\Fontes\CRIA_ZTL.PRW
D:\Projetos\Automatech\ERP\Protheus\Fontes\Faturamento\Fontes\CRIA_ZZ0.prw
D:\Projetos\Automatech\ERP\Protheus\Fontes\Faturamento\Fontes\CRIA_ZZ3.prw
D:\Projetos\Automatech\ERP\Protheus\Fontes\Faturamento\Fontes\CRIA_ZZ4.prw
D:\Projetos\Automatech\ERP\Protheus\Fontes\Faturamento\Fontes\CRIA_ZZ6.prw
D:\Projetos\Automatech\ERP\Protheus\Fontes\Faturamento\Fontes\CRIA_ZZP.prw
D:\Projetos\Automatech\ERP\Protheus\Fontes\Faturamento\Fontes\danfeii.prw
D:\Projetos\Automatech\ERP\Protheus\Fontes\Faturamento\Fontes\danfeiii.prw
D:\Projetos\Automatech\ERP\Protheus\Fontes\Faturamento\Fontes\FT600TOK.prw
D:\Projetos\Automatech\ERP\Protheus\Fontes\Faturamento\Fontes\GRVLOGSTS.PRW
D:\Projetos\Automatech\ERP\Protheus\Fontes\Faturamento\Fontes\JPCACDTR.PRW
D:\Projetos\Automatech\ERP\Protheus\Fontes\Faturamento\Fontes\M460MARK.prw
D:\Projetos\Automatech\ERP\Protheus\Fontes\Faturamento\Fontes\MA410QTG.PRW
D:\Projetos\Automatech\ERP\Protheus\Fontes\Faturamento\Fontes\nfesefaz.prw
D:\Projetos\Automatech\ERP\Protheus\Fontes\Faturamento\Fontes\Old_nfesefaz.prw
D:\Projetos\Automatech\ERP\Protheus\Fontes\Faturamento\Fontes\old___amatr968.prw
D:\Projetos\Automatech\ERP\Protheus\Fontes\Faturamento\Fontes\original_AUTOM243.prw
D:\Projetos\Automatech\ERP\Protheus\Fontes\Faturamento\Fontes\pe_FIRSTNFSE.PRW
D:\Projetos\Automatech\ERP\Protheus\Fontes\Faturamento\Fontes\PE_M310ITENS.PRW
D:\Projetos\Automatech\ERP\Protheus\Fontes\Faturamento\Fontes\RPdfDanfe.prw
D:\Projetos\Automatech\ERP\Protheus\Fontes\Faturamento\Fontes\SO_CMARGEM.PRW
D:\Projetos\Automatech\ERP\Protheus\Fontes\Faturamento\Fontes\VENDEDOR2.prw
D:\Projetos\Automatech\ERP\Protheus\Fontes\Faturamento\Fontes\_AUTA011.PRW
D:\Projetos\Automatech\ERP\Protheus\Fontes\Faturamento\Fontes\_AUTOM184.prw
D:\Projetos\Automatech\ERP\Protheus\Fontes\Faturamento\Fontes\_____AUTOMR81.PRW
D:\Projetos\Automatech\ERP\Protheus\Fontes\Faturamento\Fontes\______AUTOM170.prw
D:\Projetos\Automatech\ERP\Protheus\Fontes\Faturamento\Fontes\_________danfeii.prw
D:\Projetos\Automatech\ERP\Protheus\Fontes\Faturamento\Fontes\_________danfeiii.prw
D:\Projetos\Automatech\ERP\Protheus\Fontes\Faturamento\Fontes\BKP_FONTES_NFE_2015\danfeii.prw
D:\Projetos\Automatech\ERP\Protheus\Fontes\Faturamento\Fontes\BKP_FONTES_NFE_2015\danfeiii.prw
D:\Projetos\Automatech\ERP\Protheus\Fontes\Faturamento\Fontes\BKP_FONTES_NFE_2015\nfesefaz.prw
D:\Projetos\Automatech\ERP\Protheus\Fontes\Faturamento\Fontes\Danfe Original 1 Canhoto\danfeii.prw
D:\Projetos\Automatech\ERP\Protheus\Fontes\Faturamento\Fontes\DANFE_BKP_HARALD_NAO_USAR\danfeii.PRW
D:\Projetos\Automatech\ERP\Protheus\Fontes\Faturamento\Fontes\DANFE_BKP_HARALD_NAO_USAR\danfeiii.PRW
D:\Projetos\Automatech\ERP\Protheus\Fontes\Faturamento\Fontes\FONTES NFE-SERVIÄO ANTES ATUALIZAÄ«O NFE CAXIAS - 25012016\AUTOM335.prw
D:\Projetos\Automatech\ERP\Protheus\Fontes\Faturamento\Fontes\FONTES NFE-SERVIÄO ANTES ATUALIZAÄ«O NFE CAXIAS - 25012016\nfsexmlenv.prw
D:\Projetos\Automatech\ERP\Protheus\Fontes\Faturamento\Fontes\Fontes_anteriores_nfe_danfe_3.10\danfeii.prw
D:\Projetos\Automatech\ERP\Protheus\Fontes\Faturamento\Fontes\Fontes_anteriores_nfe_danfe_3.10\danfeiii.prw
D:\Projetos\Automatech\ERP\Protheus\Fontes\Faturamento\Fontes\Fontes_anteriores_nfe_danfe_3.10\nfesefaz.prw
D:\Projetos\Automatech\ERP\Protheus\Fontes\Faturamento\Fontes\NFE ANTES LEI TRANSP - BKP\danfeii.prw
D:\Projetos\Automatech\ERP\Protheus\Fontes\Faturamento\Fontes\NFE ANTES LEI TRANSP - BKP\NFESEFAZ.prw
D:\Projetos\Automatech\ERP\Protheus\Fontes\Faturamento\Fontes\NFSe\nfsexmlenv.prw
D:\Projetos\Automatech\ERP\Protheus\Fontes\Faturamento\Fontes\NFSe\Fonte nfsexmlenv mesclara para nf servico Caxias do Sul\nfsexmlenv.prw
D:\Projetos\Automatech\ERP\Protheus\Fontes\Faturamento\Fontes\Proposta Vers∆o 11.8\AUTOM243.prw
D:\Projetos\Automatech\ERP\Protheus\Fontes\Faturamento\Fontes\Proposta Vers∆o 11.8\AUTR002.prw
D:\Projetos\Automatech\ERP\Protheus\Fontes\Faturamento\Fontes\PROPOSTA_COMERCIAL\AUTOM243.prw
D:\Projetos\Automatech\ERP\Protheus\Fontes\Faturamento\Gatilhos\AUTG005.PRW
D:\Projetos\Automatech\ERP\Protheus\Fontes\Faturamento\Gatilhos\AUTG006.prw
D:\Projetos\Automatech\ERP\Protheus\Fontes\Faturamento\Gatilhos\AUTG007.prw
D:\Projetos\Automatech\ERP\Protheus\Fontes\Faturamento\Gatilhos\AUTG011.prw
D:\Projetos\Automatech\ERP\Protheus\Fontes\Faturamento\Gatilhos\AUTG012.prw
D:\Projetos\Automatech\ERP\Protheus\Fontes\Faturamento\Gatilhos\AUTOM129.prw
D:\Projetos\Automatech\ERP\Protheus\Fontes\Faturamento\Gatilhos\AUTOM130.prw
D:\Projetos\Automatech\ERP\Protheus\Fontes\Faturamento\Gatilhos\AUTOM230.prw
D:\Projetos\Automatech\ERP\Protheus\Fontes\Faturamento\Gatilhos\AUTOM520.prw
D:\Projetos\Automatech\ERP\Protheus\Fontes\Faturamento\Gatilhos\AUTOM522.prw
D:\Projetos\Automatech\ERP\Protheus\Fontes\Faturamento\Gatilhos\AUTOM523.prw
D:\Projetos\Automatech\ERP\Protheus\Fontes\Faturamento\Gatilhos\AUTOM534.prw
D:\Projetos\Automatech\ERP\Protheus\Fontes\Faturamento\Gatilhos\AUTOM573.prw
D:\Projetos\Automatech\ERP\Protheus\Fontes\Faturamento\Gatilhos\AUTOM627.prw
D:\Projetos\Automatech\ERP\Protheus\Fontes\Faturamento\Gatilhos\AUTOM635.prw
D:\Projetos\Automatech\ERP\Protheus\Fontes\Faturamento\Gatilhos\AUTOM687.prw
D:\Projetos\Automatech\ERP\Protheus\Fontes\Faturamento\Gatilhos\AUTOM690.prw
D:\Projetos\Automatech\ERP\Protheus\Fontes\Faturamento\Gatilhos\AUTOMG01.prw
D:\Projetos\Automatech\ERP\Protheus\Fontes\Faturamento\Gatilhos\AUTOMR33.prw
D:\Projetos\Automatech\ERP\Protheus\Fontes\Faturamento\Gatilhos\AUTOMR89.prw
D:\Projetos\Automatech\ERP\Protheus\Fontes\Faturamento\Pontos de entrada\A410Cons.prw
D:\Projetos\Automatech\ERP\Protheus\Fontes\Faturamento\Pontos de entrada\A410EXC.prw
D:\Projetos\Automatech\ERP\Protheus\Fontes\Faturamento\Pontos de entrada\AUTOM208.prw
D:\Projetos\Automatech\ERP\Protheus\Fontes\Faturamento\Pontos de entrada\AUTOM210.PRW
D:\Projetos\Automatech\ERP\Protheus\Fontes\Faturamento\Pontos de entrada\AUTOM658.prw
D:\Projetos\Automatech\ERP\Protheus\Fontes\Faturamento\Pontos de entrada\CRM980MDef.prw
D:\Projetos\Automatech\ERP\Protheus\Fontes\Faturamento\Pontos de entrada\FISTRFNFE.prw
D:\Projetos\Automatech\ERP\Protheus\Fontes\Faturamento\Pontos de entrada\FT300ABR.prw
D:\Projetos\Automatech\ERP\Protheus\Fontes\Faturamento\Pontos de entrada\FT300VLD.prw
D:\Projetos\Automatech\ERP\Protheus\Fontes\Faturamento\Pontos de entrada\FT600LOK.prw
D:\Projetos\Automatech\ERP\Protheus\Fontes\Faturamento\Pontos de entrada\FT600TOT.PRW
D:\Projetos\Automatech\ERP\Protheus\Fontes\Faturamento\Pontos de entrada\M030INC.prw
D:\Projetos\Automatech\ERP\Protheus\Fontes\Faturamento\Pontos de entrada\M030PALT.prw
D:\Projetos\Automatech\ERP\Protheus\Fontes\Faturamento\Pontos de entrada\M410AGRV.PRW
D:\Projetos\Automatech\ERP\Protheus\Fontes\Faturamento\Pontos de entrada\M410AGRV_simFrete.PRW
D:\Projetos\Automatech\ERP\Protheus\Fontes\Faturamento\Pontos de entrada\M410INIC.PRW
D:\Projetos\Automatech\ERP\Protheus\Fontes\Faturamento\Pontos de entrada\M410LIOK.prw
D:\Projetos\Automatech\ERP\Protheus\Fontes\Faturamento\Pontos de entrada\M410VRES.prw
D:\Projetos\Automatech\ERP\Protheus\Fontes\Faturamento\Pontos de entrada\M450FLB.prw
D:\Projetos\Automatech\ERP\Protheus\Fontes\Faturamento\Pontos de entrada\MA030BRW.prw
D:\Projetos\Automatech\ERP\Protheus\Fontes\Faturamento\Pontos de entrada\MA030BUT.prw
D:\Projetos\Automatech\ERP\Protheus\Fontes\Faturamento\Pontos de entrada\MA030TOK.prw
D:\Projetos\Automatech\ERP\Protheus\Fontes\Faturamento\Pontos de entrada\MA090ATU.prw
D:\Projetos\Automatech\ERP\Protheus\Fontes\Faturamento\Pontos de entrada\MA410MNU.prw
D:\Projetos\Automatech\ERP\Protheus\Fontes\Faturamento\Pontos de entrada\MaVerImpos.PRW
D:\Projetos\Automatech\ERP\Protheus\Fontes\Faturamento\Pontos de entrada\MS520VLD.prw
D:\Projetos\Automatech\ERP\Protheus\Fontes\Faturamento\Pontos de entrada\MT20FOPOS.prw
D:\Projetos\Automatech\ERP\Protheus\Fontes\Faturamento\Pontos de entrada\MT410ALT.prw
D:\Projetos\Automatech\ERP\Protheus\Fontes\Faturamento\Pontos de entrada\MT410INC.prw
D:\Projetos\Automatech\ERP\Protheus\Fontes\Faturamento\Pontos de entrada\mta410.PRW
D:\Projetos\Automatech\ERP\Protheus\Fontes\Faturamento\Pontos de entrada\MTA450LIB.prw
D:\Projetos\Automatech\ERP\Protheus\Fontes\Faturamento\Pontos de entrada\MTA450R.prw
D:\Projetos\Automatech\ERP\Protheus\Fontes\Faturamento\Pontos de entrada\MTA455E.prw
D:\Projetos\Automatech\ERP\Protheus\Fontes\Faturamento\Pontos de entrada\MTA455P.PRW
D:\Projetos\Automatech\ERP\Protheus\Fontes\Faturamento\Pontos de entrada\PE01NFESEFAZ.PRW
D:\Projetos\Automatech\ERP\Protheus\Fontes\Faturamento\Pontos de entrada\PE_AT450BUT2.PRW
D:\Projetos\Automatech\ERP\Protheus\Fontes\Faturamento\Pontos de entrada\PE_ChgX5Fil.prw
D:\Projetos\Automatech\ERP\Protheus\Fontes\Faturamento\Pontos de entrada\pe_FIRSTNFSE.PRW
D:\Projetos\Automatech\ERP\Protheus\Fontes\Faturamento\Pontos de entrada\PE_FT600BUT.PRW
D:\Projetos\Automatech\ERP\Protheus\Fontes\Faturamento\Pontos de entrada\PE_FT600INI.PRW
D:\Projetos\Automatech\ERP\Protheus\Fontes\Faturamento\Pontos de entrada\PE_M410PVNF.PRW
D:\Projetos\Automatech\ERP\Protheus\Fontes\Faturamento\Pontos de entrada\PE_M440STTS.PRW
D:\Projetos\Automatech\ERP\Protheus\Fontes\Faturamento\Pontos de entrada\PE_M460FIL.PRW
D:\Projetos\Automatech\ERP\Protheus\Fontes\Faturamento\Pontos de entrada\PE_M460FIM.prw
D:\Projetos\Automatech\ERP\Protheus\Fontes\Faturamento\Pontos de entrada\PE_M460QRY.PRW
D:\Projetos\Automatech\ERP\Protheus\Fontes\Faturamento\Pontos de entrada\PE_M521CART.PRW
D:\Projetos\Automatech\ERP\Protheus\Fontes\Faturamento\Pontos de entrada\PE_MA650FIL.PRW
D:\Projetos\Automatech\ERP\Protheus\Fontes\Faturamento\Pontos de entrada\PE_MA650GRPV.PRW
D:\Projetos\Automatech\ERP\Protheus\Fontes\Faturamento\Pontos de entrada\PE_MATA410.prw
D:\Projetos\Automatech\ERP\Protheus\Fontes\Faturamento\Pontos de entrada\PE_MATA416.prw
D:\Projetos\Automatech\ERP\Protheus\Fontes\Faturamento\Pontos de entrada\PE_MATA440.PRW
D:\Projetos\Automatech\ERP\Protheus\Fontes\Faturamento\Pontos de entrada\PE_MATA456.prw
D:\Projetos\Automatech\ERP\Protheus\Fontes\Faturamento\Pontos de entrada\PE_MATA460.prw
D:\Projetos\Automatech\ERP\Protheus\Fontes\Faturamento\Pontos de entrada\PE_MSD2460.PRW
D:\Projetos\Automatech\ERP\Protheus\Fontes\Faturamento\Pontos de entrada\PE_MT120FIM.PRW
D:\Projetos\Automatech\ERP\Protheus\Fontes\Faturamento\Pontos de entrada\PE_MT410BRW.PRW
D:\Projetos\Automatech\ERP\Protheus\Fontes\Faturamento\Pontos de entrada\PE_MT410TOK.PRW
D:\Projetos\Automatech\ERP\Protheus\Fontes\Faturamento\Pontos de entrada\PE_MT450FIM.PRW
D:\Projetos\Automatech\ERP\Protheus\Fontes\Faturamento\Pontos de entrada\PE_MT500APO.PRW
D:\Projetos\Automatech\ERP\Protheus\Fontes\Faturamento\Pontos de entrada\PE_MTA450CL.PRW
D:\Projetos\Automatech\ERP\Protheus\Fontes\Faturamento\Pontos de entrada\PE_MTA450I.PRW
D:\Projetos\Automatech\ERP\Protheus\Fontes\Faturamento\Pontos de entrada\PE_MTA455I.PRW
D:\Projetos\Automatech\ERP\Protheus\Fontes\Faturamento\Pontos de entrada\PE_MTA455P.PRW
D:\Projetos\Automatech\ERP\Protheus\Fontes\Faturamento\Pontos de entrada\PE_MTA456I.PRW
D:\Projetos\Automatech\ERP\Protheus\Fontes\Faturamento\Pontos de entrada\PE_SF2460I.PRW
D:\Projetos\Automatech\ERP\Protheus\Fontes\Faturamento\Pontos de entrada\PE_SIGAFAT.PRW
D:\Projetos\Automatech\ERP\Protheus\Fontes\Faturamento\Pontos de entrada\SF2460I.prw
D:\Projetos\Automatech\ERP\Protheus\Fontes\Faturamento\Pontos de entrada\SPDNFE01.prw
D:\Projetos\Automatech\ERP\Protheus\Fontes\Faturamento\Pontos de entrada\T450PVOS.prw
D:\Projetos\Automatech\ERP\Protheus\Fontes\Faturamento\Pontos de entrada\TECXSC5.prw
D:\Projetos\Automatech\ERP\Protheus\Fontes\Field Service\AUTUOM545.prw
D:\Projetos\Automatech\ERP\Protheus\Fontes\Field Service\Diversos\MyTECA040.prw
D:\Projetos\Automatech\ERP\Protheus\Fontes\Field Service\Fontes\AT300BUT.prw
D:\Projetos\Automatech\ERP\Protheus\Fontes\Field Service\Fontes\AT450BUT.prw
D:\Projetos\Automatech\ERP\Protheus\Fontes\Field Service\Fontes\AT460FIL.prw
D:\Projetos\Automatech\ERP\Protheus\Fontes\Field Service\Fontes\AT460GRV.prw
D:\Projetos\Automatech\ERP\Protheus\Fontes\Field Service\Fontes\AT460INC.prw
D:\Projetos\Automatech\ERP\Protheus\Fontes\Field Service\Fontes\AT460ROT.prw
D:\Projetos\Automatech\ERP\Protheus\Fontes\Field Service\Fontes\AUTA002.prw
D:\Projetos\Automatech\ERP\Protheus\Fontes\Field Service\Fontes\AUTA007.PRW
D:\Projetos\Automatech\ERP\Protheus\Fontes\Field Service\Fontes\AUTA012.prw
D:\Projetos\Automatech\ERP\Protheus\Fontes\Field Service\Fontes\AUTA013.PRW
D:\Projetos\Automatech\ERP\Protheus\Fontes\Field Service\Fontes\AUTA014.PRW
D:\Projetos\Automatech\ERP\Protheus\Fontes\Field Service\Fontes\AUTCOMPENTREGA.prw
D:\Projetos\Automatech\ERP\Protheus\Fontes\Field Service\Fontes\AUTCRONO.prw
D:\Projetos\Automatech\ERP\Protheus\Fontes\Field Service\Fontes\AUTO293A.prw
D:\Projetos\Automatech\ERP\Protheus\Fontes\Field Service\Fontes\AUTOB01.prw
D:\Projetos\Automatech\ERP\Protheus\Fontes\Field Service\Fontes\AUTOM101.prw
D:\Projetos\Automatech\ERP\Protheus\Fontes\Field Service\Fontes\AUTOM102.PRW
D:\Projetos\Automatech\ERP\Protheus\Fontes\Field Service\Fontes\AUTOM103.prw
D:\Projetos\Automatech\ERP\Protheus\Fontes\Field Service\Fontes\AUTOM104.PRW
D:\Projetos\Automatech\ERP\Protheus\Fontes\Field Service\Fontes\AUTOM109.prw
D:\Projetos\Automatech\ERP\Protheus\Fontes\Field Service\Fontes\AUTOM114.prw
D:\Projetos\Automatech\ERP\Protheus\Fontes\Field Service\Fontes\AUTOM116.prw
D:\Projetos\Automatech\ERP\Protheus\Fontes\Field Service\Fontes\AUTOM123.prw
D:\Projetos\Automatech\ERP\Protheus\Fontes\Field Service\Fontes\AUTOM126.prw
D:\Projetos\Automatech\ERP\Protheus\Fontes\Field Service\Fontes\AUTOM165.PRW
D:\Projetos\Automatech\ERP\Protheus\Fontes\Field Service\Fontes\AUTOM167.prw
D:\Projetos\Automatech\ERP\Protheus\Fontes\Field Service\Fontes\AUTOM178.prw
D:\Projetos\Automatech\ERP\Protheus\Fontes\Field Service\Fontes\AUTOM188.prw
D:\Projetos\Automatech\ERP\Protheus\Fontes\Field Service\Fontes\AUTOM189.prw
D:\Projetos\Automatech\ERP\Protheus\Fontes\Field Service\Fontes\AUTOM238.PRW
D:\Projetos\Automatech\ERP\Protheus\Fontes\Field Service\Fontes\AUTOM242.prw
D:\Projetos\Automatech\ERP\Protheus\Fontes\Field Service\Fontes\AUTOM262.prw
D:\Projetos\Automatech\ERP\Protheus\Fontes\Field Service\Fontes\AUTOM275.prw
D:\Projetos\Automatech\ERP\Protheus\Fontes\Field Service\Fontes\AUTOM276.prw
D:\Projetos\Automatech\ERP\Protheus\Fontes\Field Service\Fontes\AUTOM293.prw
D:\Projetos\Automatech\ERP\Protheus\Fontes\Field Service\Fontes\AUTOM322.prw
D:\Projetos\Automatech\ERP\Protheus\Fontes\Field Service\Fontes\AUTOM350.PRW
D:\Projetos\Automatech\ERP\Protheus\Fontes\Field Service\Fontes\AUTOM352.prw
D:\Projetos\Automatech\ERP\Protheus\Fontes\Field Service\Fontes\AUTOM500.prw
D:\Projetos\Automatech\ERP\Protheus\Fontes\Field Service\Fontes\AUTOM501.prw
D:\Projetos\Automatech\ERP\Protheus\Fontes\Field Service\Fontes\AUTOM513.prw
D:\Projetos\Automatech\ERP\Protheus\Fontes\Field Service\Fontes\AUTOM514.prw
D:\Projetos\Automatech\ERP\Protheus\Fontes\Field Service\Fontes\AUTOM515.prw
D:\Projetos\Automatech\ERP\Protheus\Fontes\Field Service\Fontes\AUTOM543.prw
D:\Projetos\Automatech\ERP\Protheus\Fontes\Field Service\Fontes\AUTOM544.prw
D:\Projetos\Automatech\ERP\Protheus\Fontes\Field Service\Fontes\AUTOM545.prw
D:\Projetos\Automatech\ERP\Protheus\Fontes\Field Service\Fontes\AUTOM547.prw
D:\Projetos\Automatech\ERP\Protheus\Fontes\Field Service\Fontes\AUTOM548.prw
D:\Projetos\Automatech\ERP\Protheus\Fontes\Field Service\Fontes\AUTOM549.prw
D:\Projetos\Automatech\ERP\Protheus\Fontes\Field Service\Fontes\AUTOM568.prw
D:\Projetos\Automatech\ERP\Protheus\Fontes\Field Service\Fontes\AUTOM569.prw
D:\Projetos\Automatech\ERP\Protheus\Fontes\Field Service\Fontes\AUTOM571.prw
D:\Projetos\Automatech\ERP\Protheus\Fontes\Field Service\Fontes\AUTOM643.prw
D:\Projetos\Automatech\ERP\Protheus\Fontes\Field Service\Fontes\AUTOM666.prw
D:\Projetos\Automatech\ERP\Protheus\Fontes\Field Service\Fontes\AUTOM693.prw
D:\Projetos\Automatech\ERP\Protheus\Fontes\Field Service\Fontes\AUTOMR01.PRW
D:\Projetos\Automatech\ERP\Protheus\Fontes\Field Service\Fontes\AUTOMR11.prw
D:\Projetos\Automatech\ERP\Protheus\Fontes\Field Service\Fontes\AUTOMR12.PRW
D:\Projetos\Automatech\ERP\Protheus\Fontes\Field Service\Fontes\AUTOMR25.PRW
D:\Projetos\Automatech\ERP\Protheus\Fontes\Field Service\Fontes\AUTOMR32.prw
D:\Projetos\Automatech\ERP\Protheus\Fontes\Field Service\Fontes\AUTOMR62.prw
D:\Projetos\Automatech\ERP\Protheus\Fontes\Field Service\Fontes\AUTOMR70.prw
D:\Projetos\Automatech\ERP\Protheus\Fontes\Field Service\Fontes\AUTOMWFOS - Copia.prw
D:\Projetos\Automatech\ERP\Protheus\Fontes\Field Service\Fontes\AUTOMWFOS.prw
D:\Projetos\Automatech\ERP\Protheus\Fontes\Field Service\Fontes\AXAB7.prw
D:\Projetos\Automatech\ERP\Protheus\Fontes\Field Service\Fontes\CheckSeqAtend.prw
D:\Projetos\Automatech\ERP\Protheus\Fontes\Field Service\Fontes\ConvHora.prw
D:\Projetos\Automatech\ERP\Protheus\Fontes\Field Service\Fontes\CRIA_ZKA.prw
D:\Projetos\Automatech\ERP\Protheus\Fontes\Field Service\Fontes\CRIA_ZP6.prw
D:\Projetos\Automatech\ERP\Protheus\Fontes\Field Service\Fontes\CRIA_ZS0.prw
D:\Projetos\Automatech\ERP\Protheus\Fontes\Field Service\Fontes\cria_zs1.prw
D:\Projetos\Automatech\ERP\Protheus\Fontes\Field Service\Fontes\CRIA_ZS2.prw
D:\Projetos\Automatech\ERP\Protheus\Fontes\Field Service\Fontes\CRIA_ZTJ.prw
D:\Projetos\Automatech\ERP\Protheus\Fontes\Field Service\Fontes\GatAB7CodPro.prw
D:\Projetos\Automatech\ERP\Protheus\Fontes\Field Service\Fontes\JPCHrTec.prw
D:\Projetos\Automatech\ERP\Protheus\Fontes\Field Service\Fontes\SIGATEC.prw
D:\Projetos\Automatech\ERP\Protheus\Fontes\Field Service\Fontes\etiquetas\AT300BUT.prw
D:\Projetos\Automatech\ERP\Protheus\Fontes\Field Service\Fontes\etiquetas\AUTOMR55.prw
D:\Projetos\Automatech\ERP\Protheus\Fontes\Field Service\Gatilhos\AUTG001.PRW
D:\Projetos\Automatech\ERP\Protheus\Fontes\Field Service\Gatilhos\AUTG002.PRW
D:\Projetos\Automatech\ERP\Protheus\Fontes\Field Service\Gatilhos\AUTG003.PRW
D:\Projetos\Automatech\ERP\Protheus\Fontes\Field Service\Gatilhos\AUTG004.PRW
D:\Projetos\Automatech\ERP\Protheus\Fontes\Field Service\Gatilhos\AUTG013.PRW
D:\Projetos\Automatech\ERP\Protheus\Fontes\Field Service\Gatilhos\AUTG014.PRW
D:\Projetos\Automatech\ERP\Protheus\Fontes\Field Service\Gatilhos\AUTOM100.PRW
D:\Projetos\Automatech\ERP\Protheus\Fontes\Field Service\Gatilhos\AUTOM117.prw
D:\Projetos\Automatech\ERP\Protheus\Fontes\Field Service\Gatilhos\AUTOM121.prw
D:\Projetos\Automatech\ERP\Protheus\Fontes\Field Service\Gatilhos\AUTOM150.prw
D:\Projetos\Automatech\ERP\Protheus\Fontes\Field Service\Gatilhos\AUTOM213.prw
D:\Projetos\Automatech\ERP\Protheus\Fontes\Field Service\Gatilhos\AUTOM251.prw
D:\Projetos\Automatech\ERP\Protheus\Fontes\Field Service\Gatilhos\AUTOM675.prw
D:\Projetos\Automatech\ERP\Protheus\Fontes\Field Service\Gatilhos\AUTOMR78.prw
D:\Projetos\Automatech\ERP\Protheus\Fontes\Field Service\Pontos de Entrada\AT200AA3.prw
D:\Projetos\Automatech\ERP\Protheus\Fontes\Field Service\Pontos de Entrada\AT200BUT.prw
D:\Projetos\Automatech\ERP\Protheus\Fontes\Field Service\Pontos de Entrada\AT200ROT.prw
D:\Projetos\Automatech\ERP\Protheus\Fontes\Field Service\Pontos de Entrada\AT400APN.prw
D:\Projetos\Automatech\ERP\Protheus\Fontes\Field Service\Pontos de Entrada\AT400BUT.prw
D:\Projetos\Automatech\ERP\Protheus\Fontes\Field Service\Pontos de Entrada\AT400ROT.prw
D:\Projetos\Automatech\ERP\Protheus\Fontes\Field Service\Pontos de Entrada\AT400TOK.prw
D:\Projetos\Automatech\ERP\Protheus\Fontes\Field Service\Pontos de Entrada\AT450ALC.PRW
D:\Projetos\Automatech\ERP\Protheus\Fontes\Field Service\Pontos de Entrada\AUTOM572.prw
D:\Projetos\Automatech\ERP\Protheus\Fontes\Field Service\Pontos de Entrada\AUTOM682.prw
D:\Projetos\Automatech\ERP\Protheus\Fontes\Field Service\Pontos de Entrada\cria_zs1.prw
D:\Projetos\Automatech\ERP\Protheus\Fontes\Field Service\Pontos de Entrada\PE_AT300GRV.prw
D:\Projetos\Automatech\ERP\Protheus\Fontes\Field Service\Pontos de Entrada\PE_AT300LLK.PRW
D:\Projetos\Automatech\ERP\Protheus\Fontes\Field Service\Pontos de Entrada\PE_AT400LOK.PRW
D:\Projetos\Automatech\ERP\Protheus\Fontes\Field Service\Pontos de Entrada\PE_AT450FIL.PRW
D:\Projetos\Automatech\ERP\Protheus\Fontes\Field Service\Pontos de Entrada\PE_AT450LOK.PRW
D:\Projetos\Automatech\ERP\Protheus\Fontes\Field Service\Pontos de Entrada\PE_AT450OKE.PRW
D:\Projetos\Automatech\ERP\Protheus\Fontes\Field Service\Pontos de Entrada\PE_AT450OKE_BKP.PRW
D:\Projetos\Automatech\ERP\Protheus\Fontes\Field Service\Pontos de Entrada\PE_AT450TOK.PRW
D:\Projetos\Automatech\ERP\Protheus\Fontes\Field Service\Pontos de Entrada\PE_TECA400.PRW
D:\Projetos\Automatech\ERP\Protheus\Fontes\Field Service\Pontos de Entrada\PE_TECA450.PRW
D:\Projetos\Automatech\ERP\Protheus\Fontes\Field Service\Pontos de Entrada\PE_TECA450_110518.PRW
D:\Projetos\Automatech\ERP\Protheus\Fontes\Field Service\Pontos de Entrada\PE_TECA460.PRW
D:\Projetos\Automatech\ERP\Protheus\Fontes\Field Service\Pontos de Entrada\PE_TECA500.PRW
D:\Projetos\Automatech\ERP\Protheus\Fontes\Financeiro\AFINR650.PRW
D:\Projetos\Automatech\ERP\Protheus\Fontes\Financeiro\ALT_MVDATAFIS.PRW
D:\Projetos\Automatech\ERP\Protheus\Fontes\Financeiro\AUTA010.PRW
D:\Projetos\Automatech\ERP\Protheus\Fontes\Financeiro\AUTM001.prw
D:\Projetos\Automatech\ERP\Protheus\Fontes\Financeiro\AUTM002.prw
D:\Projetos\Automatech\ERP\Protheus\Fontes\Financeiro\AUTOM106.PRW
D:\Projetos\Automatech\ERP\Protheus\Fontes\Financeiro\AUTOM107.PRW
D:\Projetos\Automatech\ERP\Protheus\Fontes\Financeiro\AUTOM118.PRW
D:\Projetos\Automatech\ERP\Protheus\Fontes\Financeiro\AUTOM124.prw
D:\Projetos\Automatech\ERP\Protheus\Fontes\Financeiro\AUTOM156.prw
D:\Projetos\Automatech\ERP\Protheus\Fontes\Financeiro\AUTOM158.prw
D:\Projetos\Automatech\ERP\Protheus\Fontes\Financeiro\AUTOM207.prw
D:\Projetos\Automatech\ERP\Protheus\Fontes\Financeiro\AUTOM224.prw
D:\Projetos\Automatech\ERP\Protheus\Fontes\Financeiro\AUTOM255.PRW
D:\Projetos\Automatech\ERP\Protheus\Fontes\Financeiro\AUTOM305.prw
D:\Projetos\Automatech\ERP\Protheus\Fontes\Financeiro\AUTOM528.prw
D:\Projetos\Automatech\ERP\Protheus\Fontes\Financeiro\AUTOM540.prw
D:\Projetos\Automatech\ERP\Protheus\Fontes\Financeiro\AUTOM563.prw
D:\Projetos\Automatech\ERP\Protheus\Fontes\Financeiro\AUTOM578.prw
D:\Projetos\Automatech\ERP\Protheus\Fontes\Financeiro\AUTOM591.prw
D:\Projetos\Automatech\ERP\Protheus\Fontes\Financeiro\AUTOM650.prw
D:\Projetos\Automatech\ERP\Protheus\Fontes\Financeiro\AUTOM660.prw
D:\Projetos\Automatech\ERP\Protheus\Fontes\Financeiro\AUTOM667.prw
D:\Projetos\Automatech\ERP\Protheus\Fontes\Financeiro\AUTOM673.prw
D:\Projetos\Automatech\ERP\Protheus\Fontes\Financeiro\AUTOM678.prw
D:\Projetos\Automatech\ERP\Protheus\Fontes\Financeiro\AUTOM679.prw
D:\Projetos\Automatech\ERP\Protheus\Fontes\Financeiro\AUTOMR26.PRW
D:\Projetos\Automatech\ERP\Protheus\Fontes\Financeiro\AUTOMR71.prw
D:\Projetos\Automatech\ERP\Protheus\Fontes\Financeiro\AUTOMR79.PRW
D:\Projetos\Automatech\ERP\Protheus\Fontes\Financeiro\AUTOMR91.prw
D:\Projetos\Automatech\ERP\Protheus\Fontes\Financeiro\BOLCAX - Copy.PRW
D:\Projetos\Automatech\ERP\Protheus\Fontes\Financeiro\BOLCAX.PRW
D:\Projetos\Automatech\ERP\Protheus\Fontes\Financeiro\BOLITAU.PRW
D:\Projetos\Automatech\ERP\Protheus\Fontes\Financeiro\BOLSANT.prw
D:\Projetos\Automatech\ERP\Protheus\Fontes\Financeiro\CRIA_ZPN.prw
D:\Projetos\Automatech\ERP\Protheus\Fontes\Financeiro\FA60FIL.PRW
D:\Projetos\Automatech\ERP\Protheus\Fontes\Financeiro\MVDATAFIN.prw
D:\Projetos\Automatech\ERP\Protheus\Fontes\Financeiro\RETCBPAG.PRW
D:\Projetos\Automatech\ERP\Protheus\Fontes\Financeiro\SANTANDER.prw
D:\Projetos\Automatech\ERP\Protheus\Fontes\Financeiro\SANTANDER_22052017.prw
D:\Projetos\Automatech\ERP\Protheus\Fontes\Financeiro\SIGAFIN.prw
D:\Projetos\Automatech\ERP\Protheus\Fontes\Financeiro\Ponto de Entrada\F240ADCM.PRW
D:\Projetos\Automatech\ERP\Protheus\Fontes\Financeiro\Ponto de Entrada\FA040INC.prw
D:\Projetos\Automatech\ERP\Protheus\Fontes\Financeiro\Ponto de Entrada\FA050INC.prw
D:\Projetos\Automatech\ERP\Protheus\Fontes\Financeiro\Ponto de Entrada\MT450FIM.PRW
D:\Projetos\Automatech\ERP\Protheus\Fontes\Financeiro\Ponto de Entrada\PE_FINA460.prw
D:\Projetos\Automatech\ERP\Protheus\Fontes\Financeiro\Ponto de Entrada\PE_FO10FILT.PRW
D:\Projetos\Automatech\ERP\Protheus\Fontes\Fiscal\Fontes\aMATR919.prw
D:\Projetos\Automatech\ERP\Protheus\Fontes\Fiscal\Fontes\aMATR929.prw
D:\Projetos\Automatech\ERP\Protheus\Fontes\Fiscal\Fontes\AUTOM228.prw
D:\Projetos\Automatech\ERP\Protheus\Fontes\Fiscal\Fontes\AUTOM516.prw
D:\Projetos\Automatech\ERP\Protheus\Fontes\Fiscal\Fontes\SOLMR919.prw
D:\Projetos\Automatech\ERP\Protheus\Fontes\Fiscal\Fontes\SOLMR990.prw
D:\Projetos\Automatech\ERP\Protheus\Fontes\Fiscal\Ponto Entrada\SIGAFIS.prw
D:\Projetos\Automatech\ERP\Protheus\Fontes\Funcoes Automatech\FUNCPROD.PRW
D:\Projetos\Automatech\ERP\Protheus\Fontes\Gerador Consultas\GridTools.PRW
D:\Projetos\Automatech\ERP\Protheus\Fontes\Gerador Consultas\ReportTools.PRW
D:\Projetos\Automatech\ERP\Protheus\Fontes\Gerador Etiquetas Atech\AUTOM533.prw
D:\Projetos\Automatech\ERP\Protheus\Fontes\Gerador Etiquetas Atech\AUTOM535.prw
D:\Projetos\Automatech\ERP\Protheus\Fontes\Gerador Etiquetas Atech\CRIA_SBR.prw
D:\Projetos\Automatech\ERP\Protheus\Fontes\Gerador Etiquetas Atech\CRIA_SBS.prw
D:\Projetos\Automatech\ERP\Protheus\Fontes\Gerador Etiquetas Atech\CRIA_SBT.prw
D:\Projetos\Automatech\ERP\Protheus\Fontes\Gerador Etiquetas Atech\CRIA_SBU.prw
D:\Projetos\Automatech\ERP\Protheus\Fontes\Gerador Etiquetas Atech\CRIA_SBY.prw
D:\Projetos\Automatech\ERP\Protheus\Fontes\Gerador Etiquetas Atech\CRIA_ZP3.prw
D:\Projetos\Automatech\ERP\Protheus\Fontes\Gerador Etiquetas Atech\CRIA_ZP4.prw
D:\Projetos\Automatech\ERP\Protheus\Fontes\Gerador Etiquetas Atech\danfeii.prw
D:\Projetos\Automatech\ERP\Protheus\Fontes\Gerador Etiquetas Atech\danfeiii.prw
D:\Projetos\Automatech\ERP\Protheus\Fontes\Gerador Etiquetas Atech\nfesefaz.prw
D:\Projetos\Automatech\ERP\Protheus\Fontes\Gerador_Excel\AUTOM273.prw
D:\Projetos\Automatech\ERP\Protheus\Fontes\Gerador_Excel\AUTOM274.prw
D:\Projetos\Automatech\ERP\Protheus\Fontes\Gerador_Excel\AUTOM279.prw
D:\Projetos\Automatech\ERP\Protheus\Fontes\Gerador_Excel\AUTOM297.prw
D:\Projetos\Automatech\ERP\Protheus\Fontes\Gerador_Excel\AUTOM503.prw
D:\Projetos\Automatech\ERP\Protheus\Fontes\Gerador_Excel\cartaoHarald.prw
D:\Projetos\Automatech\ERP\Protheus\Fontes\Gerador_Excel\CRIA_ZT4.prw
D:\Projetos\Automatech\ERP\Protheus\Fontes\M¢dulo 96 - Automatech\ESP2NOME.PRW
D:\Projetos\Automatech\ERP\Protheus\Fontes\Parametros APP\AUTOM600.prw
D:\Projetos\Automatech\ERP\Protheus\Fontes\Parametros APP\AUTOM601.prw
D:\Projetos\Automatech\ERP\Protheus\Fontes\Parametros APP\AUTOM602.prw
D:\Projetos\Automatech\ERP\Protheus\Fontes\Parametros APP\AUTOM603.prw
D:\Projetos\Automatech\ERP\Protheus\Fontes\Parametros APP\AUTOM604.prw
D:\Projetos\Automatech\ERP\Protheus\Fontes\Parametros APP\AUTOM605.prw
D:\Projetos\Automatech\ERP\Protheus\Fontes\Parametros APP\AUTOM606.prw
D:\Projetos\Automatech\ERP\Protheus\Fontes\Parametros APP\AUTOM607.prw
D:\Projetos\Automatech\ERP\Protheus\Fontes\Parametros APP\CRIA_ZTZ.prw
D:\Projetos\Automatech\ERP\Protheus\Fontes\PCP\A650SLDPV.prw
D:\Projetos\Automatech\ERP\Protheus\Fontes\PCP\AUTA313.PRW
D:\Projetos\Automatech\ERP\Protheus\Fontes\PCP\AUTCOL313.PRW
D:\Projetos\Automatech\ERP\Protheus\Fontes\PCP\AUTOM334.prw
D:\Projetos\Automatech\ERP\Protheus\Fontes\PCP\AUTOM570.prw
D:\Projetos\Automatech\ERP\Protheus\Fontes\PCP\AUTOTESTE.PRW
D:\Projetos\Automatech\ERP\Protheus\Fontes\PCP\AUTR314.PRW
D:\Projetos\Automatech\ERP\Protheus\Fontes\PCP\criasbx.PRW
D:\Projetos\Automatech\ERP\Protheus\Fontes\PCP\Envia_Email.prw
D:\Projetos\Automatech\ERP\Protheus\Fontes\PCP\MA650BUT.PRW
D:\Projetos\Automatech\ERP\Protheus\Fontes\PCP\TELAAPONT.prw
D:\Projetos\Automatech\ERP\Protheus\Fontes\PCP\_Vale_do_Faturamento_M410STTS.prw
D:\Projetos\Automatech\ERP\Protheus\Fontes\RDV\Fontes\AUTOM556.prw
D:\Projetos\Automatech\ERP\Protheus\Fontes\RDV\Fontes\AUTOM558.prw
D:\Projetos\Automatech\ERP\Protheus\Fontes\RDV\Fontes\AUTOM559.prw
D:\Projetos\Automatech\ERP\Protheus\Fontes\RDV\Fontes\AUTOM596.prw
D:\Projetos\Automatech\ERP\Protheus\Fontes\RDV\Fontes\CRIA_ZSC.prw
D:\Projetos\Automatech\ERP\Protheus\Fontes\RDV\Fontes\CRIA_ZSD.prw
D:\Projetos\Automatech\ERP\Protheus\Fontes\RDV\Fontes\CRIA_ZSF.prw
D:\Projetos\Automatech\ERP\Protheus\Fontes\RDV\Fontes\CRIA_ZSG.prw
D:\Projetos\Automatech\ERP\Protheus\Fontes\RDV\Fontes\errorblockexample.PRW
D:\Projetos\Automatech\ERP\Protheus\Fontes\RDV\Fontes\PrintTest.prw
D:\Projetos\Automatech\ERP\Protheus\Fontes\RDV\Fontes\trataerro.PRW
D:\Projetos\Automatech\ERP\Protheus\Fontes\Relato Serasa\Fontes\AUTOM298.prw
D:\Projetos\Automatech\ERP\Protheus\Fontes\Relato Serasa\Fontes\AUTOM299.prw
D:\Projetos\Automatech\ERP\Protheus\Fontes\Relato Serasa\Fontes\AUTOM300.prw
D:\Projetos\Automatech\ERP\Protheus\Fontes\Relato Serasa\Fontes\AUTOM301.prw
D:\Projetos\Automatech\ERP\Protheus\Fontes\Relato Serasa\Fontes\AUTOM302.prw
D:\Projetos\Automatech\ERP\Protheus\Fontes\Relato Serasa\Fontes\AUTOM303.prw
D:\Projetos\Automatech\ERP\Protheus\Fontes\Relato Serasa\Fontes\AUTOM335.prw
D:\Projetos\Automatech\ERP\Protheus\Fontes\Relato Serasa\Fontes\CRIA_ZP9.prw
D:\Projetos\Automatech\ERP\Protheus\Fontes\Relato Serasa\Fontes\CRIA_ZPA.prw
D:\Projetos\Automatech\ERP\Protheus\Fontes\Relato Serasa\Fontes\CRIA_ZPB.prw
D:\Projetos\Automatech\ERP\Protheus\Fontes\Relato Serasa\Fontes\CRIA_ZPC.prw
D:\Projetos\Automatech\ERP\Protheus\Fontes\Relato Serasa\Fontes\CRIA_ZPD.prw
D:\Projetos\Automatech\ERP\Protheus\Fontes\Relato Serasa\Fontes\CRIA_ZPE.prw
D:\Projetos\Automatech\ERP\Protheus\Fontes\Relato Serasa\Fontes\CRIA_ZPF.prw
D:\Projetos\Automatech\ERP\Protheus\Fontes\Relato Serasa\Ponto de Entrada\FA740BRW.prw
D:\Projetos\Automatech\ERP\Protheus\Fontes\Relato Serasa\Ponto de Entrada\MSD2520.prw
D:\Projetos\Automatech\ERP\Protheus\Fontes\Relato Serasa\Ponto de Entrada\__MSD2520.prw
D:\Projetos\Automatech\ERP\Protheus\Fontes\Relatorios(HHL)\AUTOM641.PRW
D:\Projetos\Automatech\ERP\Protheus\Fontes\Relatorios(HHL)\empdf.prw
D:\Projetos\Automatech\ERP\Protheus\Fontes\Relatorios(HHL)\RPdfDanfe.prw
D:\Projetos\Automatech\ERP\Protheus\Fontes\Relatorios(HHL)\SYSCAT01.prw
D:\Projetos\Automatech\ERP\Protheus\Fontes\Relatorios(HHL)\SYSCON01.prw
D:\Projetos\Automatech\ERP\Protheus\Fontes\RMA\Fontes\AUTO217B.prw
D:\Projetos\Automatech\ERP\Protheus\Fontes\RMA\Fontes\AUTO218B.prw
D:\Projetos\Automatech\ERP\Protheus\Fontes\RMA\Fontes\AUTO221B.prw
D:\Projetos\Automatech\ERP\Protheus\Fontes\RMA\Fontes\AUTOM198.prw
D:\Projetos\Automatech\ERP\Protheus\Fontes\RMA\Fontes\AUTOM201.prw
D:\Projetos\Automatech\ERP\Protheus\Fontes\RMA\Fontes\AUTOM204.prw
D:\Projetos\Automatech\ERP\Protheus\Fontes\RMA\Fontes\AUTOM209.prw
D:\Projetos\Automatech\ERP\Protheus\Fontes\RMA\Fontes\AUTOM217.prw
D:\Projetos\Automatech\ERP\Protheus\Fontes\RMA\Fontes\AUTOM218.prw
D:\Projetos\Automatech\ERP\Protheus\Fontes\RMA\Fontes\AUTOM219.prw
D:\Projetos\Automatech\ERP\Protheus\Fontes\RMA\Fontes\AUTOM220.prw
D:\Projetos\Automatech\ERP\Protheus\Fontes\RMA\Fontes\AUTOM221.prw
D:\Projetos\Automatech\ERP\Protheus\Fontes\RMA\Fontes\AUTOM222.prw
D:\Projetos\Automatech\ERP\Protheus\Fontes\RMA\Fontes\AUTOM225.prw
D:\Projetos\Automatech\ERP\Protheus\Fontes\RMA\Fontes\AUTOM226.prw
D:\Projetos\Automatech\ERP\Protheus\Fontes\RMA\Fontes\CRIA_ZS4.prw
D:\Projetos\Automatech\ERP\Protheus\Fontes\RMA\Fontes\CRIA_ZS6.prw
D:\Projetos\Automatech\ERP\Protheus\Fontes\RMA\Fontes\CRIA_ZS7.prw
D:\Projetos\Automatech\ERP\Protheus\Fontes\RMA\Fontes\CRIA_ZS8.prw
D:\Projetos\Automatech\ERP\Protheus\Fontes\RMA\Fontes\CRIA_ZSJ.prw
D:\Projetos\Automatech\ERP\Protheus\Fontes\Sale Machine\AUTOM505.prw
D:\Projetos\Automatech\ERP\Protheus\Fontes\Sale Machine\AUTOM506.prw
D:\Projetos\Automatech\ERP\Protheus\Fontes\Sale Machine\AUTOM507.prw
D:\Projetos\Automatech\ERP\Protheus\Fontes\Sale Machine\AUTOM518.prw
D:\Projetos\Automatech\ERP\Protheus\Fontes\Sale Machine\AUTOM519.prw
D:\Projetos\Automatech\ERP\Protheus\Fontes\Sale Machine\AUTOM525.prw
D:\Projetos\Automatech\ERP\Protheus\Fontes\Sale Machine\AUTOM537.prw
D:\Projetos\Automatech\ERP\Protheus\Fontes\Sale Machine\ClientesSP.prw
D:\Projetos\Automatech\ERP\Protheus\Fontes\Sale Machine\CRIA_ZTP.prw
D:\Projetos\Automatech\ERP\Protheus\Fontes\Sale Machine\CRIA_ZTQ.prw
D:\Projetos\Automatech\ERP\Protheus\Fontes\Schedule\Fontes\autom536.PRW
D:\Projetos\Automatech\ERP\Protheus\Fontes\Setup Homologacao\AUTOM692.PRW
D:\Projetos\Automatech\ERP\Protheus\Fontes\Tarefas\CRIACOP.prw
D:\Projetos\Automatech\ERP\Protheus\Fontes\Tarefas\CRIA_ARI.prw
D:\Projetos\Automatech\ERP\Protheus\Fontes\Tarefas\CRIA_CES.prw
D:\Projetos\Automatech\ERP\Protheus\Fontes\Tarefas\CRIA_HIS.prw
D:\Projetos\Automatech\ERP\Protheus\Fontes\Tarefas\cria_master.PRW
D:\Projetos\Automatech\ERP\Protheus\Fontes\Tarefas\CRIA_ORI.prw
D:\Projetos\Automatech\ERP\Protheus\Fontes\Tarefas\cria_param.PRW
D:\Projetos\Automatech\ERP\Protheus\Fontes\Tarefas\CRIA_PRI.prw
D:\Projetos\Automatech\ERP\Protheus\Fontes\Tarefas\CRIA_PRO.prw
D:\Projetos\Automatech\ERP\Protheus\Fontes\Tarefas\CRIA_REF.prw
D:\Projetos\Automatech\ERP\Protheus\Fontes\Tarefas\CRIA_TUS.prw
D:\Projetos\Automatech\ERP\Protheus\Fontes\Tarefas\CRIA_ZS3.PRW
D:\Projetos\Automatech\ERP\Protheus\Fontes\Tarefas\CRIA_ZT1.prw
D:\Projetos\Automatech\ERP\Protheus\Fontes\Tarefas\CRIA_ZT5.PRW
D:\Projetos\Automatech\ERP\Protheus\Fontes\Tarefas\CRIA_ZT6.prw
D:\Projetos\Automatech\ERP\Protheus\Fontes\Tarefas\CRIA_ZT7.prw
D:\Projetos\Automatech\ERP\Protheus\Fontes\Tarefas\CRIA_ZTO.PRW
D:\Projetos\Automatech\ERP\Protheus\Fontes\Tarefas\CRIA_ZZK.prw
D:\Projetos\Automatech\ERP\Protheus\Fontes\Tarefas\CRIA_ZZL.prw
D:\Projetos\Automatech\ERP\Protheus\Fontes\Tarefas\CRIA_ZZM.prw
D:\Projetos\Automatech\ERP\Protheus\Fontes\Tarefas\CRIA_ZZN.prw
D:\Projetos\Automatech\ERP\Protheus\Fontes\Tarefas\cria_zzw.prw
D:\Projetos\Automatech\ERP\Protheus\Fontes\Tarefas\CRIA_ZZY.prw
D:\Projetos\Automatech\ERP\Protheus\Fontes\Tarefas\ESPACE01.prw
D:\Projetos\Automatech\ERP\Protheus\Fontes\Tarefas\ESPACE02.prw
D:\Projetos\Automatech\ERP\Protheus\Fontes\Tarefas\ESPACE03.prw
D:\Projetos\Automatech\ERP\Protheus\Fontes\Tarefas\ESPACO01.prw
D:\Projetos\Automatech\ERP\Protheus\Fontes\Tarefas\ESPAPO01.prw
D:\Projetos\Automatech\ERP\Protheus\Fontes\Tarefas\ESPARV01.prw
D:\Projetos\Automatech\ERP\Protheus\Fontes\Tarefas\ESPBCO01.prw
D:\Projetos\Automatech\ERP\Protheus\Fontes\Tarefas\ESPCAL01.prw
D:\Projetos\Automatech\ERP\Protheus\Fontes\Tarefas\ESPCAL02.prw
D:\Projetos\Automatech\ERP\Protheus\Fontes\Tarefas\ESPCOM01.PRW
D:\Projetos\Automatech\ERP\Protheus\Fontes\Tarefas\ESPCOM02.prw
D:\Projetos\Automatech\ERP\Protheus\Fontes\Tarefas\ESPDES01.prw
D:\Projetos\Automatech\ERP\Protheus\Fontes\Tarefas\ESPDES02.prw
D:\Projetos\Automatech\ERP\Protheus\Fontes\Tarefas\ESPDUC01.prw
D:\Projetos\Automatech\ERP\Protheus\Fontes\Tarefas\ESPEMA01.prw
D:\Projetos\Automatech\ERP\Protheus\Fontes\Tarefas\espenc01.prw
D:\Projetos\Automatech\ERP\Protheus\Fontes\Tarefas\ESPEVE00.prw
D:\Projetos\Automatech\ERP\Protheus\Fontes\Tarefas\espeve01.prw
D:\Projetos\Automatech\ERP\Protheus\Fontes\Tarefas\espeve02.prw
D:\Projetos\Automatech\ERP\Protheus\Fontes\Tarefas\espeve03.prw
D:\Projetos\Automatech\ERP\Protheus\Fontes\Tarefas\espeve04.prw
D:\Projetos\Automatech\ERP\Protheus\Fontes\Tarefas\espeve05.prw
D:\Projetos\Automatech\ERP\Protheus\Fontes\Tarefas\ESPEVE10.prw
D:\Projetos\Automatech\ERP\Protheus\Fontes\Tarefas\ESPEVE11.prw
D:\Projetos\Automatech\ERP\Protheus\Fontes\Tarefas\ESPEVE12.prw
D:\Projetos\Automatech\ERP\Protheus\Fontes\Tarefas\ESPEVE13.prw
D:\Projetos\Automatech\ERP\Protheus\Fontes\Tarefas\ESPEVE14.PRW
D:\Projetos\Automatech\ERP\Protheus\Fontes\Tarefas\ESPEVE15.prw
D:\Projetos\Automatech\ERP\Protheus\Fontes\Tarefas\ESPEXT01.prw
D:\Projetos\Automatech\ERP\Protheus\Fontes\Tarefas\ESPHIS01.prw
D:\Projetos\Automatech\ERP\Protheus\Fontes\Tarefas\ESPHIS02.prw
D:\Projetos\Automatech\ERP\Protheus\Fontes\Tarefas\ESPIME01.PRW
D:\Projetos\Automatech\ERP\Protheus\Fontes\Tarefas\espime02.PRW
D:\Projetos\Automatech\ERP\Protheus\Fontes\Tarefas\espind01.prw
D:\Projetos\Automatech\ERP\Protheus\Fontes\Tarefas\espind02.prw
D:\Projetos\Automatech\ERP\Protheus\Fontes\Tarefas\ESPLIB01.prw
D:\Projetos\Automatech\ERP\Protheus\Fontes\Tarefas\ESPLIS01.prw
D:\Projetos\Automatech\ERP\Protheus\Fontes\Tarefas\ESPMAS01.prw
D:\Projetos\Automatech\ERP\Protheus\Fontes\Tarefas\ESPNEW01.prw
D:\Projetos\Automatech\ERP\Protheus\Fontes\Tarefas\ESPNEW02.prw
D:\Projetos\Automatech\ERP\Protheus\Fontes\Tarefas\ESPNOME.PRW
D:\Projetos\Automatech\ERP\Protheus\Fontes\Tarefas\ESPORI01.prw
D:\Projetos\Automatech\ERP\Protheus\Fontes\Tarefas\ESPORI02.prw
D:\Projetos\Automatech\ERP\Protheus\Fontes\Tarefas\ESPPES01.prw
D:\Projetos\Automatech\ERP\Protheus\Fontes\Tarefas\ESPPRG01.prw
D:\Projetos\Automatech\ERP\Protheus\Fontes\Tarefas\ESPPRG02.prw
D:\Projetos\Automatech\ERP\Protheus\Fontes\Tarefas\ESPPRI01.PRW
D:\Projetos\Automatech\ERP\Protheus\Fontes\Tarefas\ESPPRI02.prw
D:\Projetos\Automatech\ERP\Protheus\Fontes\Tarefas\espprj01.prw
D:\Projetos\Automatech\ERP\Protheus\Fontes\Tarefas\espprj02.prw
D:\Projetos\Automatech\ERP\Protheus\Fontes\Tarefas\ESPPRO01.prw
D:\Projetos\Automatech\ERP\Protheus\Fontes\Tarefas\ESPPRO02.prw
D:\Projetos\Automatech\ERP\Protheus\Fontes\Tarefas\ESPREG01.prw
D:\Projetos\Automatech\ERP\Protheus\Fontes\Tarefas\ESPREL01.prw
D:\Projetos\Automatech\ERP\Protheus\Fontes\Tarefas\ESPREL10.PRW
D:\Projetos\Automatech\ERP\Protheus\Fontes\Tarefas\ESPSAL01.prw
D:\Projetos\Automatech\ERP\Protheus\Fontes\Tarefas\ESPSTA01.PRW
D:\Projetos\Automatech\ERP\Protheus\Fontes\Tarefas\ESPSTA02.prw
D:\Projetos\Automatech\ERP\Protheus\Fontes\Tarefas\ESPSTA03.prw
D:\Projetos\Automatech\ERP\Protheus\Fontes\Tarefas\ESPSTA04.prw
D:\Projetos\Automatech\ERP\Protheus\Fontes\Tarefas\ESPTAR01.prw
D:\Projetos\Automatech\ERP\Protheus\Fontes\Tarefas\ESPTAR02.prw
D:\Projetos\Automatech\ERP\Protheus\Fontes\Tarefas\ESPTAR03.prw
D:\Projetos\Automatech\ERP\Protheus\Fontes\Tarefas\ESPTAR04.prw
D:\Projetos\Automatech\ERP\Protheus\Fontes\Tarefas\ESPTAR10.PRW
D:\Projetos\Automatech\ERP\Protheus\Fontes\Tarefas\esptar15.prw
D:\Projetos\Automatech\ERP\Protheus\Fontes\Tarefas\esptar16.prw
D:\Projetos\Automatech\ERP\Protheus\Fontes\Tarefas\ESPTAR17.prw
D:\Projetos\Automatech\ERP\Protheus\Fontes\Tarefas\esptar18.prw
D:\Projetos\Automatech\ERP\Protheus\Fontes\Tarefas\ESPTAR19.prw
D:\Projetos\Automatech\ERP\Protheus\Fontes\Tarefas\ESPTAR20.prw
D:\Projetos\Automatech\ERP\Protheus\Fontes\Tarefas\ESPTAR21.prw
D:\Projetos\Automatech\ERP\Protheus\Fontes\Tarefas\ESPUSU01.prw
D:\Projetos\Automatech\ERP\Protheus\Fontes\Tarefas\ESPVAL01.prw
D:\Projetos\Automatech\ERP\Protheus\Fontes\Tarefas\ESPVAL02.prw
D:\Projetos\Automatech\ERP\Protheus\Fontes\Tarefas\ZZGTROCA.prw
D:\Projetos\Automatech\ERP\Protheus\Fontes\TDF\Fontes\TDFCTB01.prw
D:\Projetos\Automatech\ERP\Protheus\Fontes\Web Service Analise de Credito\AT_ANALISECREDITO.PRW
D:\Projetos\Automatech\ERP\Protheus\Fontes\Web Service Analise de Credito\AT_LIMITECREDITO.PRW
D:\Projetos\Automatech\ERP\Protheus\Fontes\Web Service AT\AT_APONTA.PRW
D:\Projetos\Automatech\ERP\Protheus\Fontes\Web Service AT\AT_ATUALIZAPONTA.PRW
D:\Projetos\Automatech\ERP\Protheus\Fontes\Web Service AT\AT_CAPTAIMAGEM.PRW
D:\Projetos\Automatech\ERP\Protheus\Fontes\Web Service AT\AT_CELULAR.PRW
D:\Projetos\Automatech\ERP\Protheus\Fontes\Web Service AT\AT_GETCLIENTELOJA.PRW
D:\Projetos\Automatech\ERP\Protheus\Fontes\Web Service AT\AT_GETDETAPONTA.PRW
D:\Projetos\Automatech\ERP\Protheus\Fontes\Web Service AT\AT_GETLISTAAP.PRW
D:\Projetos\Automatech\ERP\Protheus\Fontes\Web Service AT\AT_GETOSCLIENTE.PRW
D:\Projetos\Automatech\ERP\Protheus\Fontes\Web Service AT\AT_GETPRCLISTA.PRW
D:\Projetos\Automatech\ERP\Protheus\Fontes\Web Service AT\AT_GETVALORAPONTA.PRW
D:\Projetos\Automatech\ERP\Protheus\Fontes\Web Service AT\AT_GRAVAOS.PRW
D:\Projetos\Automatech\ERP\Protheus\Fontes\Web Service AT\AT_GRAVAPONTA.PRW
D:\Projetos\Automatech\ERP\Protheus\Fontes\Web Service AT\AT_GRVAPONTA.PRW
D:\Projetos\Automatech\ERP\Protheus\Fontes\Web Service AT\AT_HATENDE.PRW
D:\Projetos\Automatech\ERP\Protheus\Fontes\Web Service AT\AT_RETWORKFLOW.PRW
D:\Projetos\Automatech\ERP\Protheus\Fontes\Web Service AT\AT_SLVAPONTA.PRW
D:\Projetos\Automatech\ERP\Protheus\Fontes\Web Service AT\AT_UTILCARRO.PRW
D:\Projetos\Automatech\ERP\Protheus\Fontes\Web Service AT\AT_WORKFLOW.PRW
D:\Projetos\Automatech\ERP\Protheus\Fontes\Web Service AT\AT_WSDETOS.PRW
D:\Projetos\Automatech\ERP\Protheus\Fontes\Web Service AT\AT_WSGETOS.PRW
D:\Projetos\Automatech\ERP\Protheus\Fontes\Web Service AT\AT_WSGETPRO.PRW
D:\Projetos\Automatech\ERP\Protheus\Fontes\Web Service AT\AT_WSGETPRODUTO.PRW
D:\Projetos\Automatech\ERP\Protheus\Fontes\Web Service AT\AT_WSGETTCN.PRW
D:\Projetos\Automatech\ERP\Protheus\Fontes\Web Service AT\AT_WSLOGIN.PRW
D:\Projetos\Automatech\ERP\Protheus\Fontes\Web Service AT\AUTOM128.prw
D:\Projetos\Automatech\ERP\Protheus\Fontes\Web Service AT\AUTOM530.prw
D:\Projetos\Automatech\ERP\Protheus\Fontes\Web Service AT\CRIA_ZTR.prw
D:\Projetos\Automatech\ERP\Protheus\Fontes\Web Service AT\CRIA_ZTS.prw
D:\Projetos\Automatech\ERP\Protheus\Fontes\Web Service AT\CRIA_ZTT.prw
D:\Projetos\Automatech\ERP\Protheus\Fontes\Web Service AT\CRIA_ZTU.prw
D:\Projetos\Automatech\ERP\Protheus\Fontes\Web Service AT\CRIA_ZTV.prw
D:\Projetos\Automatech\ERP\Protheus\Fontes\Web Service AT\CRIA_ZTX.prw
D:\Projetos\Automatech\ERP\Protheus\Fontes\Web Service AT\GravaAb8.prw
D:\Projetos\Automatech\ERP\Protheus\Fontes\Web Service AT\grava_ztu.prw
D:\Projetos\Automatech\ERP\Protheus\Fontes\Web Service Custo Sale Machine\Fontes\AT_CUSTOSM.PRW
D:\Projetos\Automatech\ERP\Protheus\Fontes\Web_Service_Pedido_Venda\AT_GRAVAPVENDA _Com_Cliente.PRW
D:\Projetos\Automatech\ERP\Protheus\Fontes\Web_Service_Pedido_Venda\AT_GRAVAPVENDA.PRW
D:\Projetos\Automatech\ERP\Protheus\Fontes\Web_Service_Pedido_Venda\AUTOM128.prw
D:\Projetos\Automatech\ERP\Protheus\Fontes\Web_Service_Pedido_Venda\AUTOM538.prw
D:\Projetos\Automatech\ERP\Protheus\Fontes\Web_Service_Pedido_Venda\AUTOM681.prw
D:\Projetos\Automatech\ERP\Protheus\Fontes\Web_Service_Pedido_Venda\PEDPORFORA.prw
D:\Projetos\Automatech\ERP\Protheus\Fontes\Web_Service_Pedido_Venda\TESTETES.prw
D:\Projetos\Automatech\ERP\Protheus\Fontes\Web_Service_Pedido_Venda\Exemplo Web Service\exemplo.PRW
